#0(I)[2022-11-08 15:03:42,306]{000064C8}<NvContainer>      Container main v1.37
#1(I)[2022-11-08 15:03:42,306]{000064C8}<NvContainer>      Telemetry API initialized
#2(I)[2022-11-08 15:03:42,306]{000064C8}<NvcHost>          Base host initialized successfully
#3(W)[2022-11-08 15:03:42,306]{000064C8}<NvcRegistryStora> Failed to initialize RegistryStorage with status 2
#4(I)[2022-11-08 15:03:42,306]{000064C8}<NvcHostWin32>     Dynamic loading of plugins is enabled
#5(I)[2022-11-08 15:03:42,306]{000064C8}<NvcHostWin32>     Dynamic unloading of plugins is enabled
#6(I)[2022-11-08 15:03:42,322]{000064C8}<NvcHostWin32>     Open parent process 00000000000001BC for PID 3040
#7(I)[2022-11-08 15:03:42,322]{000064C8}<NvcHostWin32>     Win32 host initialized successfully
#8(I)[2022-11-08 15:03:42,322]{000064C8}<NvcHostWin32>     Use external event 'Global\NvContainer3040-session12-c:_windows_system32_driverstore_filerepository_nvam.inf_amd64_37f28daaff36deca_display.nvcontainer_plugins_session' for quitting
#9(I)[2022-11-08 15:03:42,322]{000064C8}<NvcHost>          Load plugins from C:\Windows\System32\DriverStore\FileRepository\nvam.inf_amd64_37f28daaff36deca\Display.NvContainer\plugins\Session
#0(I)[2022-11-08 15:03:42,322]{000005AC}<NvcHostWin32>     Parent process tracking thread started with timeout: 4294967295
#1(I)[2022-11-08 15:03:42,322]{000064C8}<NvcPluginManager> Loading C:\Windows\System32\DriverStore\FileRepository\nvam.inf_amd64_37f28daaff36deca\Display.NvContainer\plugins\Session/NvFBCPlugin.dll
#2(W)[2022-11-08 15:03:42,322]{000064C8}<NvcJsonFileStora> Failed to load JSON from C:\Windows\System32\DriverStore\FileRepository\nvam.inf_amd64_37f28daaff36deca\Display.NvContainer\plugins\Session/NvFBCPlugin.json
#3(W)[2022-11-08 15:03:42,322]{000064C8}<NvcRegistryStora> Failed to initialize RegistryStorage with status 2
#4(I)[2022-11-08 15:03:42,353]{000064C8}<NvcPluginLoadHel> Secure loading C:\Windows\System32\DriverStore\FileRepository\nvam.inf_amd64_37f28daaff36deca\Display.NvContainer\plugins\Session/NvFBCPlugin.dll - 6.14.15.1278 at 00007FFFFE9E0000 took 31274 microseconds
#5(I)[2022-11-08 15:03:42,353]{000064C8}<NvcPluginManager> Loaded C:\Windows\System32\DriverStore\FileRepository\nvam.inf_amd64_37f28daaff36deca\Display.NvContainer\plugins\Session/NvFBCPlugin.dll
#6(I)[2022-11-08 15:03:42,353]{000064C8}<NvcPluginManager> Loaded mandatory plugin NvFBCPlugin, version 1
#7(I)[2022-11-08 15:03:42,353]{000064C8}<NvcPluginManager> Loading C:\Windows\System32\DriverStore\FileRepository\nvam.inf_amd64_37f28daaff36deca\Display.NvContainer\plugins\Session/nvprofileupdaterplugin.dll
#8(W)[2022-11-08 15:03:42,353]{000064C8}<NvcJsonFileStora> Failed to load JSON from C:\Windows\System32\DriverStore\FileRepository\nvam.inf_amd64_37f28daaff36deca\Display.NvContainer\plugins\Session/nvprofileupdaterplugin.json
#9(W)[2022-11-08 15:03:42,353]{000064C8}<NvcRegistryStora> Failed to initialize RegistryStorage with status 2
#0(I)[2022-11-08 15:03:42,368]{000064C8}<NvcPluginLoadHel> Secure loading C:\Windows\System32\DriverStore\FileRepository\nvam.inf_amd64_37f28daaff36deca\Display.NvContainer\plugins\Session/nvprofileupdaterplugin.dll - 30.0.15.1278 at 00007FFFF6BF0000 took 15638 microseconds
#1(I)[2022-11-08 15:03:42,368]{000064C8}<NvcPluginManager> Loaded C:\Windows\System32\DriverStore\FileRepository\nvam.inf_amd64_37f28daaff36deca\Display.NvContainer\plugins\Session/nvprofileupdaterplugin.dll
#2(I)[2022-11-08 15:03:42,368]{000064C8}<NvcPluginManager> Loaded mandatory plugin NvProfileUpdaterPlugin, version 1
#3(I)[2022-11-08 15:03:42,368]{000064C8}<NvcPluginManager> Loading C:\Windows\System32\DriverStore\FileRepository\nvam.inf_amd64_37f28daaff36deca\Display.NvContainer\plugins\Session/nvxdsyncplugin.dll
#4(W)[2022-11-08 15:03:42,368]{000064C8}<NvcJsonFileStora> Failed to load JSON from C:\Windows\System32\DriverStore\FileRepository\nvam.inf_amd64_37f28daaff36deca\Display.NvContainer\plugins\Session/nvxdsyncplugin.json
#5(W)[2022-11-08 15:03:42,368]{000064C8}<NvcRegistryStora> Failed to initialize RegistryStorage with status 2
#6(I)[2022-11-08 15:03:42,384]{000064C8}<NvcPluginLoadHel> Secure loading C:\Windows\System32\DriverStore\FileRepository\nvam.inf_amd64_37f28daaff36deca\Display.NvContainer\plugins\Session/nvxdsyncplugin.dll - 8.17.15.1278 at 00007FFFF65F0000 took 15623 microseconds
#7(I)[2022-11-08 15:03:42,384]{000064C8}<NvcPluginManager> Loaded C:\Windows\System32\DriverStore\FileRepository\nvam.inf_amd64_37f28daaff36deca\Display.NvContainer\plugins\Session/nvxdsyncplugin.dll
#8(I)[2022-11-08 15:03:42,384]{000064C8}<NvcPluginManager> Loaded mandatory plugin NvXDSyncPlugin, version 1
#9(I)[2022-11-08 15:03:42,384]{000064C8}<NvcPluginManager> Loading C:\Windows\System32\DriverStore\FileRepository\nvam.inf_amd64_37f28daaff36deca\Display.NvContainer\plugins\Session/wksServicePlugin.dll
#0(W)[2022-11-08 15:03:42,384]{000064C8}<NvcJsonFileStora> Failed to load JSON from C:\Windows\System32\DriverStore\FileRepository\nvam.inf_amd64_37f28daaff36deca\Display.NvContainer\plugins\Session/wksServicePlugin.json
#1(W)[2022-11-08 15:03:42,384]{000064C8}<NvcRegistryStora> Failed to initialize RegistryStorage with status 2
#2(I)[2022-11-08 15:03:42,400]{000064C8}<NvcPluginLoadHel> Secure loading C:\Windows\System32\DriverStore\FileRepository\nvam.inf_amd64_37f28daaff36deca\Display.NvContainer\plugins\Session/wksServicePlugin.dll - 30.0.15.1278 at 00007FFFFE940000 took 15623 microseconds
#3(I)[2022-11-08 15:03:42,400]{000064C8}<NvcPluginManager> Loaded C:\Windows\System32\DriverStore\FileRepository\nvam.inf_amd64_37f28daaff36deca\Display.NvContainer\plugins\Session/wksServicePlugin.dll
#4(I)[2022-11-08 15:03:42,400]{000064C8}<NvcPluginManager> Loaded mandatory plugin NvWksServicePlugin, version 1
#5(I)[2022-11-08 15:03:42,400]{000064C8}<NvcPluginManager> Loading C:\Windows\System32\DriverStore\FileRepository\nvam.inf_amd64_37f28daaff36deca\Display.NvContainer\plugins\Session/_nvppo.dll
#6(W)[2022-11-08 15:03:42,400]{000064C8}<NvcJsonFileStora> Failed to load JSON from C:\Windows\System32\DriverStore\FileRepository\nvam.inf_amd64_37f28daaff36deca\Display.NvContainer\plugins\Session/_nvppo.json
#7(W)[2022-11-08 15:03:42,400]{000064C8}<NvcRegistryStora> Failed to initialize RegistryStorage with status 2
#8(I)[2022-11-08 15:03:42,415]{000064C8}<NvcPluginLoadHel> Secure loading C:\Windows\System32\DriverStore\FileRepository\nvam.inf_amd64_37f28daaff36deca\Display.NvContainer\plugins\Session/_nvppo.dll - 30.0.15.1278 at 00007FFFF63F0000 took 15632 microseconds
#9(I)[2022-11-08 15:03:42,415]{000064C8}<NvcPluginManager> Loaded C:\Windows\System32\DriverStore\FileRepository\nvam.inf_amd64_37f28daaff36deca\Display.NvContainer\plugins\Session/_nvppo.dll
#0(I)[2022-11-08 15:03:42,415]{000064C8}<NvcPluginManager> Loaded optional plugin AutoFL_Plugin, version 1
#1(I)[2022-11-08 15:03:42,415]{000064C8}<NvcPluginManager> Loading C:\Windows\System32\DriverStore\FileRepository\nvam.inf_amd64_37f28daaff36deca\Display.NvContainer\plugins\Session/_nvtopps.dll
#2(W)[2022-11-08 15:03:42,415]{000064C8}<NvcJsonFileStora> Failed to load JSON from C:\Windows\System32\DriverStore\FileRepository\nvam.inf_amd64_37f28daaff36deca\Display.NvContainer\plugins\Session/_nvtopps.json
#3(W)[2022-11-08 15:03:42,415]{000064C8}<NvcRegistryStora> Failed to initialize RegistryStorage with status 2
#4(I)[2022-11-08 15:03:42,478]{000064C8}<NvcPluginLoadHel> Secure loading C:\Windows\System32\DriverStore\FileRepository\nvam.inf_amd64_37f28daaff36deca\Display.NvContainer\plugins\Session/_nvtopps.dll - 30.0.15.1278 at 00007FFFEF200000 took 62501 microseconds
#5(I)[2022-11-08 15:03:42,478]{000064C8}<NvcPluginManager> Loaded C:\Windows\System32\DriverStore\FileRepository\nvam.inf_amd64_37f28daaff36deca\Display.NvContainer\plugins\Session/_nvtopps.dll
#6(I)[2022-11-08 15:03:42,478]{000064C8}<NvcPluginManager> Loaded optional plugin NvTopps_Plugin, version 1
#7(I)[2022-11-08 15:03:42,478]{000064C8}<NvcHost>          Creating directory listener to represent current folder state
#8(I)[2022-11-08 15:03:42,478]{000064C8}<DirectoryListene> Adding directory C:\Windows\System32\DriverStore\FileRepository\nvam.inf_amd64_37f28daaff36deca\Display.NvContainer\plugins\Session.
#9(I)[2022-11-08 15:03:42,478]{000064C8}<NvcHost>          Successfully updated directory change listener
#0(I)[2022-11-08 15:03:42,478]{000064C8}<NvcHost>          Container is initializing
#1(I)[2022-11-08 15:03:42,478]{000064C8}<NvcPluginManager> Initiate transition to Initializing state for NvFBCPlugin
#2(I)[2022-11-08 15:03:42,478]{000064C8}<NvcPluginManager> Transition to Initialized state for NvFBCPlugin completed
#3(I)[2022-11-08 15:03:42,478]{000064C8}<NvcPluginManager> Initiate transition to Initializing state for NvProfileUpdaterPlugin
#4(I)[2022-11-08 15:03:42,493]{000064C8}<NvcPluginManager> Transition to Initialized state for NvProfileUpdaterPlugin completed
#5(I)[2022-11-08 15:03:42,493]{000064C8}<NvcPluginManager> Initiate transition to Initializing state for NvXDSyncPlugin
#6(I)[2022-11-08 15:03:42,493]{000064C8}<NvcPluginManager> Transition to Initialized state for NvXDSyncPlugin completed
#7(I)[2022-11-08 15:03:42,493]{000064C8}<NvcPluginManager> Initiate transition to Initializing state for NvWksServicePlugin
#8(I)[2022-11-08 15:03:42,493]{000064C8}<NvcPluginManager> Transition to Initialized state for NvWksServicePlugin completed
#9(I)[2022-11-08 15:03:42,493]{000064C8}<NvcPluginManager> Initiate transition to Initializing state for AutoFL_Plugin
#0(I)[2022-11-08 15:03:42,493]{000064C8}<NvcPluginManager> Notification 3 / 0000000000000000 from AutoFL_Plugin
#1(I)[2022-11-08 15:03:42,493]{000064C8}<NvcPluginManager> Notification: plugin AutoFL_Plugin is done
#2(I)[2022-11-08 15:03:42,493]{000064C8}<NvcPluginManager> Transition to Initialized state for AutoFL_Plugin completed
#3(I)[2022-11-08 15:03:42,493]{000064C8}<NvcPluginManager> Transition to Initialized state for AutoFL_Plugin completed
#4(I)[2022-11-08 15:03:42,493]{000064C8}<NvcPluginManager> Initiate transition to Initializing state for NvTopps_Plugin
#5(I)[2022-11-08 15:03:42,572]{000064C8}<NvcPluginManager> Transition to Initialized state for NvTopps_Plugin completed
#6(I)[2022-11-08 15:03:42,572]{000064C8}<NvcHost>          Optional plugin AutoFL_Plugin is in state Initialized. Unload it
#7(I)[2022-11-08 15:03:42,572]{000064C8}<NvcHost>          Container is going to unload plugin AutoFL_Plugin. State: normal
#8(I)[2022-11-08 15:03:42,572]{000064C8}<NvcPluginManager> Initiate transition to Uninitializing state for AutoFL_Plugin
#9(I)[2022-11-08 15:03:42,572]{000064C8}<NvcPluginManager> Transition to Uninitialized state for AutoFL_Plugin completed
#0(I)[2022-11-08 15:03:42,572]{000064C8}<NvcHost>          Container has uninitialized plugin AutoFL_Plugin. State: normal
#1(I)[2022-11-08 15:03:42,572]{000064C8}<NvcPluginManager> Unload plugin 'AutoFL_Plugin' - C:\Windows\System32\DriverStore\FileRepository\nvam.inf_amd64_37f28daaff36deca\Display.NvContainer\plugins\Session/_nvppo.dll
#2(I)[2022-11-08 15:03:42,572]{000064C8}<NvcPluginManager> Unloaded plugin 'AutoFL_Plugin'
#3(I)[2022-11-08 15:03:42,572]{000064C8}<NvcHost>          Container is initialized with 1. State: normal
#4(I)[2022-11-08 15:03:42,572]{000064C8}<NvcHost>          Base host core
#5(I)[2022-11-08 15:03:42,572]{000064C8}<NvcHost>          Container is starting
#6(I)[2022-11-08 15:03:42,572]{000064C8}<NvcPluginManager> Initiate transition to Starting state for NvFBCPlugin
#7(I)[2022-11-08 15:03:42,572]{000064C8}<NvcPluginManager> NvcPluginLoadStats for 'NvFBCPlugin' => LibraryLoadTime = 31274 us, ImageLoadTime = 0 us, AbsLibraryLoadTime = 31274, InitializeProcTime = 0 us, InitializeTimeTotal = 0 us, StartProcTime = 0 us, StartTimeTotal = 0 us. 
#8(I)[2022-11-08 15:03:42,572]{000064C8}<NvcTelemetryHelp> NvcPluginLoadStats for NvFBCPlugin returned 1
#9(I)[2022-11-08 15:03:42,572]{000064C8}<NvcPluginManager> Transition to Started state for NvFBCPlugin completed
#0(I)[2022-11-08 15:03:42,572]{000064C8}<NvcPluginManager> Initiate transition to Starting state for NvProfileUpdaterPlugin
#1(I)[2022-11-08 15:03:42,572]{000064C8}<NvcPluginManager> NvcPluginLoadStats for 'NvProfileUpdaterPlugin' => LibraryLoadTime = 15638 us, ImageLoadTime = 0 us, AbsLibraryLoadTime = 15638, InitializeProcTime = 15616 us, InitializeTimeTotal = 15616 us, StartProcTime = 0 us, StartTimeTotal = 0 us. 
#2(I)[2022-11-08 15:03:42,572]{000064C8}<NvcTelemetryHelp> NvcPluginLoadStats for NvProfileUpdaterPlugin returned 1
#3(I)[2022-11-08 15:03:42,572]{000064C8}<NvcPluginManager> Transition to Started state for NvProfileUpdaterPlugin completed
#4(I)[2022-11-08 15:03:42,572]{000064C8}<NvcPluginManager> Initiate transition to Starting state for NvXDSyncPlugin
#5(I)[2022-11-08 15:03:42,572]{000064C8}<NvcPluginManager> Transition to Starting state for NvXDSyncPlugin is in progress
#6(I)[2022-11-08 15:03:42,572]{000064C8}<NvcPluginManager> Initiate transition to Starting state for NvWksServicePlugin
#7(I)[2022-11-08 15:03:42,572]{000064C8}<NvcPluginManager> NvcPluginLoadStats for 'NvWksServicePlugin' => LibraryLoadTime = 15623 us, ImageLoadTime = 0 us, AbsLibraryLoadTime = 15623, InitializeProcTime = 0 us, InitializeTimeTotal = 0 us, StartProcTime = 0 us, StartTimeTotal = 0 us. 
#8(I)[2022-11-08 15:03:42,572]{000064C8}<NvcTelemetryHelp> NvcPluginLoadStats for NvWksServicePlugin returned 1
#9(I)[2022-11-08 15:03:42,572]{000064C8}<NvcPluginManager> Transition to Started state for NvWksServicePlugin completed
#0(I)[2022-11-08 15:03:42,572]{000064C8}<NvcPluginManager> Initiate transition to Starting state for NvTopps_Plugin
#1(I)[2022-11-08 15:03:42,603]{000064C8}<NvcPluginManager> NvcPluginLoadStats for 'NvTopps_Plugin' => LibraryLoadTime = 62501 us, ImageLoadTime = 0 us, AbsLibraryLoadTime = 62501, InitializeProcTime = 78127 us, InitializeTimeTotal = 78127 us, StartProcTime = 31248 us, StartTimeTotal = 31248 us. 
#2(I)[2022-11-08 15:03:42,603]{000064C8}<NvcTelemetryHelp> NvcPluginLoadStats for NvTopps_Plugin returned 1
#3(I)[2022-11-08 15:03:42,603]{000064C8}<NvcPluginManager> Transition to Started state for NvTopps_Plugin completed
#4(I)[2022-11-08 15:03:42,603]{0000639C}<NvcPluginManager> Notification 1 / 0000000000000000 from NvXDSyncPlugin
#5(I)[2022-11-08 15:03:42,603]{0000639C}<NvcPluginManager> NvcPluginLoadStats for 'NvXDSyncPlugin' => LibraryLoadTime = 15623 us, ImageLoadTime = 0 us, AbsLibraryLoadTime = 15623, InitializeProcTime = 0 us, InitializeTimeTotal = 0 us, StartProcTime = 0 us, StartTimeTotal = 0 us. 
#6(I)[2022-11-08 15:03:42,603]{0000639C}<NvcTelemetryHelp> NvcPluginLoadStats for NvXDSyncPlugin returned 1
#7(I)[2022-11-08 15:03:42,603]{0000639C}<NvcPluginManager> Transition to Started state for NvXDSyncPlugin completed
#8(I)[2022-11-08 15:03:42,603]{000064C8}<NvcHost>          Container is started with 1. State: normal
#9(I)[2022-11-08 15:03:42,603]{000064C8}<NvcTelemetryHelp> NvcLoadStats => LibraryLoadTime = 156291 us, InitializeTime = 93743 us, StartTime = 31248 us, TotalLoadTime = 305594 us
#0(I)[2022-11-08 15:03:42,603]{000064C8}<NvcTelemetryHelp> NvcLoadStats returned 1
#1(I)[2022-11-08 15:03:43,367]{000064C8}<NvcHost>          Base host: Power SUSPEND message
#2(I)[2022-11-08 15:03:43,367]{000064C8}<NvcHost>          Container is suspending
#3(I)[2022-11-08 15:03:43,367]{000064C8}<NvcPluginManager> Initiate transition to Suspending state for NvTopps_Plugin
#4(I)[2022-11-08 15:03:43,395]{000064C8}<NvcPluginManager> Transition to Suspended state for NvTopps_Plugin completed
#5(I)[2022-11-08 15:03:43,395]{000064C8}<NvcPluginManager> Initiate transition to Suspending state for NvWksServicePlugin
#6(I)[2022-11-08 15:03:43,395]{000064C8}<NvcPluginManager> Transition to Suspended state for NvWksServicePlugin completed
#7(I)[2022-11-08 15:03:43,395]{000064C8}<NvcPluginManager> Initiate transition to Suspending state for NvXDSyncPlugin
#8(I)[2022-11-08 15:03:43,395]{000064C8}<NvcPluginManager> Transition to Suspended state for NvXDSyncPlugin completed
#9(I)[2022-11-08 15:03:43,395]{000064C8}<NvcPluginManager> Transition to Suspended state for NvProfileUpdaterPlugin completed
#0(I)[2022-11-08 15:03:43,395]{000064C8}<NvcPluginManager> Initiate transition to Suspending state for NvFBCPlugin
#1(I)[2022-11-08 15:03:43,395]{000064C8}<NvcPluginManager> Transition to Suspended state for NvFBCPlugin completed
#2(I)[2022-11-08 15:03:43,395]{000064C8}<NvcHost>          Container is suspended. State: normal
#3(I)[2022-11-09 06:02:02,564]{000064C8}<NvcHost>          Base host: Power RESUME message
#4(I)[2022-11-09 06:02:02,564]{000064C8}<NvcHost>          Container is resuming
#5(I)[2022-11-09 06:02:02,564]{000064C8}<NvcPluginManager> Initiate transition to Starting state for NvFBCPlugin
#6(I)[2022-11-09 06:02:02,580]{000064C8}<NvcPluginManager> Transition to Started state for NvFBCPlugin completed
#7(I)[2022-11-09 06:02:02,580]{000064C8}<NvcPluginManager> Transition to Started state for NvProfileUpdaterPlugin completed
#8(I)[2022-11-09 06:02:02,580]{000064C8}<NvcPluginManager> Initiate transition to Starting state for NvXDSyncPlugin
#9(I)[2022-11-09 06:02:02,596]{000064C8}<NvcPluginManager> Transition to Started state for NvXDSyncPlugin completed
#0(I)[2022-11-09 06:02:02,596]{000064C8}<NvcPluginManager> Initiate transition to Starting state for NvWksServicePlugin
#1(I)[2022-11-09 06:02:02,596]{000064C8}<NvcPluginManager> Transition to Started state for NvWksServicePlugin completed
#2(I)[2022-11-09 06:02:02,596]{000064C8}<NvcPluginManager> Initiate transition to Starting state for NvTopps_Plugin
#3(I)[2022-11-09 06:02:02,596]{000064C8}<NvcPluginManager> NvcPluginResumeStats for 'NvTopps_Plugin' => SuspendProcTime = 2377 us, SuspendTimeTotal = 2377 us, ResumeProcTime = 0 us, ResumeTimeTotal = 0 us 
#4(I)[2022-11-09 06:02:02,596]{000064C8}<NvcTelemetryHelp> NvcPluginResumeStats for NvTopps_Plugin returned 1
#5(I)[2022-11-09 06:02:02,596]{000064C8}<NvcPluginManager> Transition to Started state for NvTopps_Plugin completed
#6(I)[2022-11-09 06:02:02,596]{000064C8}<NvcHost>          Container is resumed with 1. State: normal
#7(I)[2022-11-09 15:00:52,525]{000064C8}<NvcUserAppHost>   Received WM_ENDSESSION message: wparam=1, lparam=0x0
#8(I)[2022-11-09 15:00:52,525]{000064C8}<NvcUserAppHost>   Exiting on WM_ENDSESSION message
#9(I)[2022-11-09 15:00:52,527]{000064C8}<NvcHost>          Base host: NVC_MID_EXIT_REBOOT_INITIATED message
#0(I)[2022-11-09 15:00:52,527]{000064C8}<NvcHost>          Stopping plugins with status 'Any'
#1(I)[2022-11-09 15:00:52,527]{000064C8}<NvcPluginManager> Initiate transition to Stopping state for NvTopps_Plugin
