#0(I)[2022-10-06 14:00:26,375]{00000B4C}<NvContainer>      Container main v1.37
#1(I)[2022-10-06 14:00:26,375]{00000B4C}<NvContainer>      Telemetry API initialized
#2(I)[2022-10-06 14:00:26,375]{00000B4C}<NvcHost>          Base host initialized successfully
#3(W)[2022-10-06 14:00:26,375]{00000B4C}<NvcRegistryStora> Failed to initialize RegistryStorage with status 2
#4(I)[2022-10-06 14:00:26,375]{00000B4C}<NvcHostWin32>     Dynamic loading of plugins is enabled
#5(I)[2022-10-06 14:00:26,375]{00000B4C}<NvcHostWin32>     Dynamic unloading of plugins is enabled
#6(I)[2022-10-06 14:00:26,375]{00000B4C}<NvcHostWin32>     Open parent process 00000000000001BC for PID 3048
#7(I)[2022-10-06 14:00:26,375]{00000B4C}<NvcHostWin32>     Win32 host initialized successfully
#8(I)[2022-10-06 14:00:26,375]{00000B4C}<NvcHostWin32>     Use external event 'Global\NvContainer3048-session13-c:_windows_system32_driverstore_filerepository_nvam.inf_amd64_37f28daaff36deca_display.nvcontainer_plugins_session' for quitting
#9(I)[2022-10-06 14:00:26,375]{00000B4C}<NvcHost>          Load plugins from C:\Windows\System32\DriverStore\FileRepository\nvam.inf_amd64_37f28daaff36deca\Display.NvContainer\plugins\Session
#0(I)[2022-10-06 14:00:26,375]{000005C4}<NvcHostWin32>     Parent process tracking thread started with timeout: 4294967295
#1(I)[2022-10-06 14:00:26,375]{00000B4C}<NvcPluginManager> Loading C:\Windows\System32\DriverStore\FileRepository\nvam.inf_amd64_37f28daaff36deca\Display.NvContainer\plugins\Session/NvFBCPlugin.dll
#2(W)[2022-10-06 14:00:26,375]{00000B4C}<NvcJsonFileStora> Failed to load JSON from C:\Windows\System32\DriverStore\FileRepository\nvam.inf_amd64_37f28daaff36deca\Display.NvContainer\plugins\Session/NvFBCPlugin.json
#3(W)[2022-10-06 14:00:26,375]{00000B4C}<NvcRegistryStora> Failed to initialize RegistryStorage with status 2
#4(I)[2022-10-06 14:00:26,438]{00000B4C}<NvcPluginLoadHel> Secure loading C:\Windows\System32\DriverStore\FileRepository\nvam.inf_amd64_37f28daaff36deca\Display.NvContainer\plugins\Session/NvFBCPlugin.dll - 6.14.15.1278 at 00007FF9B0E10000 took 62498 microseconds
#5(I)[2022-10-06 14:00:26,438]{00000B4C}<NvcPluginManager> Loaded C:\Windows\System32\DriverStore\FileRepository\nvam.inf_amd64_37f28daaff36deca\Display.NvContainer\plugins\Session/NvFBCPlugin.dll
#6(I)[2022-10-06 14:00:26,438]{00000B4C}<NvcPluginManager> Loaded mandatory plugin NvFBCPlugin, version 1
#7(I)[2022-10-06 14:00:26,438]{00000B4C}<NvcPluginManager> Loading C:\Windows\System32\DriverStore\FileRepository\nvam.inf_amd64_37f28daaff36deca\Display.NvContainer\plugins\Session/nvprofileupdaterplugin.dll
#8(W)[2022-10-06 14:00:26,438]{00000B4C}<NvcJsonFileStora> Failed to load JSON from C:\Windows\System32\DriverStore\FileRepository\nvam.inf_amd64_37f28daaff36deca\Display.NvContainer\plugins\Session/nvprofileupdaterplugin.json
#9(W)[2022-10-06 14:00:26,438]{00000B4C}<NvcRegistryStora> Failed to initialize RegistryStorage with status 2
#0(I)[2022-10-06 14:00:26,469]{00000B4C}<NvcPluginLoadHel> Secure loading C:\Windows\System32\DriverStore\FileRepository\nvam.inf_amd64_37f28daaff36deca\Display.NvContainer\plugins\Session/nvprofileupdaterplugin.dll - 30.0.15.1278 at 00007FF9AC340000 took 31250 microseconds
#1(I)[2022-10-06 14:00:26,469]{00000B4C}<NvcPluginManager> Loaded C:\Windows\System32\DriverStore\FileRepository\nvam.inf_amd64_37f28daaff36deca\Display.NvContainer\plugins\Session/nvprofileupdaterplugin.dll
#2(I)[2022-10-06 14:00:26,469]{00000B4C}<NvcPluginManager> Loaded mandatory plugin NvProfileUpdaterPlugin, version 1
#3(I)[2022-10-06 14:00:26,469]{00000B4C}<NvcPluginManager> Loading C:\Windows\System32\DriverStore\FileRepository\nvam.inf_amd64_37f28daaff36deca\Display.NvContainer\plugins\Session/nvxdsyncplugin.dll
#4(W)[2022-10-06 14:00:26,469]{00000B4C}<NvcJsonFileStora> Failed to load JSON from C:\Windows\System32\DriverStore\FileRepository\nvam.inf_amd64_37f28daaff36deca\Display.NvContainer\plugins\Session/nvxdsyncplugin.json
#5(W)[2022-10-06 14:00:26,469]{00000B4C}<NvcRegistryStora> Failed to initialize RegistryStorage with status 2
#6(I)[2022-10-06 14:00:26,500]{00000B4C}<NvcPluginLoadHel> Secure loading C:\Windows\System32\DriverStore\FileRepository\nvam.inf_amd64_37f28daaff36deca\Display.NvContainer\plugins\Session/nvxdsyncplugin.dll - 8.17.15.1278 at 00007FF9ABA90000 took 31277 microseconds
#7(I)[2022-10-06 14:00:26,500]{00000B4C}<NvcPluginManager> Loaded C:\Windows\System32\DriverStore\FileRepository\nvam.inf_amd64_37f28daaff36deca\Display.NvContainer\plugins\Session/nvxdsyncplugin.dll
#8(I)[2022-10-06 14:00:26,500]{00000B4C}<NvcPluginManager> Loaded mandatory plugin NvXDSyncPlugin, version 1
#9(I)[2022-10-06 14:00:26,500]{00000B4C}<NvcPluginManager> Loading C:\Windows\System32\DriverStore\FileRepository\nvam.inf_amd64_37f28daaff36deca\Display.NvContainer\plugins\Session/wksServicePlugin.dll
#0(W)[2022-10-06 14:00:26,500]{00000B4C}<NvcJsonFileStora> Failed to load JSON from C:\Windows\System32\DriverStore\FileRepository\nvam.inf_amd64_37f28daaff36deca\Display.NvContainer\plugins\Session/wksServicePlugin.json
#1(W)[2022-10-06 14:00:26,500]{00000B4C}<NvcRegistryStora> Failed to initialize RegistryStorage with status 2
#2(I)[2022-10-06 14:00:26,516]{00000B4C}<NvcPluginLoadHel> Secure loading C:\Windows\System32\DriverStore\FileRepository\nvam.inf_amd64_37f28daaff36deca\Display.NvContainer\plugins\Session/wksServicePlugin.dll - 30.0.15.1278 at 00007FF9B6600000 took 15598 microseconds
#3(I)[2022-10-06 14:00:26,516]{00000B4C}<NvcPluginManager> Loaded C:\Windows\System32\DriverStore\FileRepository\nvam.inf_amd64_37f28daaff36deca\Display.NvContainer\plugins\Session/wksServicePlugin.dll
#4(I)[2022-10-06 14:00:26,516]{00000B4C}<NvcPluginManager> Loaded mandatory plugin NvWksServicePlugin, version 1
#5(I)[2022-10-06 14:00:26,516]{00000B4C}<NvcPluginManager> Loading C:\Windows\System32\DriverStore\FileRepository\nvam.inf_amd64_37f28daaff36deca\Display.NvContainer\plugins\Session/_nvppo.dll
#6(W)[2022-10-06 14:00:26,516]{00000B4C}<NvcJsonFileStora> Failed to load JSON from C:\Windows\System32\DriverStore\FileRepository\nvam.inf_amd64_37f28daaff36deca\Display.NvContainer\plugins\Session/_nvppo.json
#7(W)[2022-10-06 14:00:26,516]{00000B4C}<NvcRegistryStora> Failed to initialize RegistryStorage with status 2
#8(I)[2022-10-06 14:00:26,547]{00000B4C}<NvcPluginLoadHel> Secure loading C:\Windows\System32\DriverStore\FileRepository\nvam.inf_amd64_37f28daaff36deca\Display.NvContainer\plugins\Session/_nvppo.dll - 30.0.15.1278 at 00007FF9AB900000 took 15626 microseconds
#9(I)[2022-10-06 14:00:26,547]{00000B4C}<NvcPluginManager> Loaded C:\Windows\System32\DriverStore\FileRepository\nvam.inf_amd64_37f28daaff36deca\Display.NvContainer\plugins\Session/_nvppo.dll
#0(I)[2022-10-06 14:00:26,547]{00000B4C}<NvcPluginManager> Loaded optional plugin AutoFL_Plugin, version 1
#1(I)[2022-10-06 14:00:26,547]{00000B4C}<NvcPluginManager> Loading C:\Windows\System32\DriverStore\FileRepository\nvam.inf_amd64_37f28daaff36deca\Display.NvContainer\plugins\Session/_nvtopps.dll
#2(W)[2022-10-06 14:00:26,547]{00000B4C}<NvcJsonFileStora> Failed to load JSON from C:\Windows\System32\DriverStore\FileRepository\nvam.inf_amd64_37f28daaff36deca\Display.NvContainer\plugins\Session/_nvtopps.json
#3(W)[2022-10-06 14:00:26,547]{00000B4C}<NvcRegistryStora> Failed to initialize RegistryStorage with status 2
#4(I)[2022-10-06 14:00:26,672]{00000B4C}<NvcPluginLoadHel> Secure loading C:\Windows\System32\DriverStore\FileRepository\nvam.inf_amd64_37f28daaff36deca\Display.NvContainer\plugins\Session/_nvtopps.dll - 30.0.15.1278 at 00007FF9A6F30000 took 125028 microseconds
#5(I)[2022-10-06 14:00:26,672]{00000B4C}<NvcPluginManager> Loaded C:\Windows\System32\DriverStore\FileRepository\nvam.inf_amd64_37f28daaff36deca\Display.NvContainer\plugins\Session/_nvtopps.dll
#6(I)[2022-10-06 14:00:26,672]{00000B4C}<NvcPluginManager> Loaded optional plugin NvTopps_Plugin, version 1
#7(I)[2022-10-06 14:00:26,672]{00000B4C}<NvcHost>          Creating directory listener to represent current folder state
#8(I)[2022-10-06 14:00:26,672]{00000B4C}<DirectoryListene> Adding directory C:\Windows\System32\DriverStore\FileRepository\nvam.inf_amd64_37f28daaff36deca\Display.NvContainer\plugins\Session.
#9(I)[2022-10-06 14:00:26,672]{00000B4C}<NvcHost>          Successfully updated directory change listener
#0(I)[2022-10-06 14:00:26,672]{00000B4C}<NvcHost>          Container is initializing
#1(I)[2022-10-06 14:00:26,672]{00000B4C}<NvcPluginManager> Initiate transition to Initializing state for NvFBCPlugin
#2(I)[2022-10-06 14:00:26,672]{00000B4C}<NvcPluginManager> Transition to Initialized state for NvFBCPlugin completed
#3(I)[2022-10-06 14:00:26,672]{00000B4C}<NvcPluginManager> Initiate transition to Initializing state for NvProfileUpdaterPlugin
#4(I)[2022-10-06 14:00:26,688]{00000B4C}<NvcPluginManager> Transition to Initialized state for NvProfileUpdaterPlugin completed
#5(I)[2022-10-06 14:00:26,688]{00000B4C}<NvcPluginManager> Initiate transition to Initializing state for NvXDSyncPlugin
#6(I)[2022-10-06 14:00:26,688]{00000B4C}<NvcPluginManager> Transition to Initialized state for NvXDSyncPlugin completed
#7(I)[2022-10-06 14:00:26,688]{00000B4C}<NvcPluginManager> Initiate transition to Initializing state for NvWksServicePlugin
#8(I)[2022-10-06 14:00:26,688]{00000B4C}<NvcPluginManager> Transition to Initialized state for NvWksServicePlugin completed
#9(I)[2022-10-06 14:00:26,688]{00000B4C}<NvcPluginManager> Initiate transition to Initializing state for AutoFL_Plugin
#0(I)[2022-10-06 14:00:26,688]{00000B4C}<NvcPluginManager> Notification 3 / 0000000000000000 from AutoFL_Plugin
#1(I)[2022-10-06 14:00:26,688]{00000B4C}<NvcPluginManager> Notification: plugin AutoFL_Plugin is done
#2(I)[2022-10-06 14:00:26,688]{00000B4C}<NvcPluginManager> Transition to Initialized state for AutoFL_Plugin completed
#3(I)[2022-10-06 14:00:26,688]{00000B4C}<NvcPluginManager> Transition to Initialized state for AutoFL_Plugin completed
#4(I)[2022-10-06 14:00:26,688]{00000B4C}<NvcPluginManager> Initiate transition to Initializing state for NvTopps_Plugin
#5(I)[2022-10-06 14:00:26,781]{00000B4C}<NvcPluginManager> Transition to Initialized state for NvTopps_Plugin completed
#6(I)[2022-10-06 14:00:26,781]{00000B4C}<NvcHost>          Optional plugin AutoFL_Plugin is in state Initialized. Unload it
#7(I)[2022-10-06 14:00:26,781]{00000B4C}<NvcHost>          Container is going to unload plugin AutoFL_Plugin. State: normal
#8(I)[2022-10-06 14:00:26,781]{00000B4C}<NvcPluginManager> Initiate transition to Uninitializing state for AutoFL_Plugin
#9(I)[2022-10-06 14:00:26,781]{00000B4C}<NvcPluginManager> Transition to Uninitialized state for AutoFL_Plugin completed
#0(I)[2022-10-06 14:00:26,781]{00000B4C}<NvcHost>          Container has uninitialized plugin AutoFL_Plugin. State: normal
#1(I)[2022-10-06 14:00:26,781]{00000B4C}<NvcPluginManager> Unload plugin 'AutoFL_Plugin' - C:\Windows\System32\DriverStore\FileRepository\nvam.inf_amd64_37f28daaff36deca\Display.NvContainer\plugins\Session/_nvppo.dll
#2(I)[2022-10-06 14:00:26,781]{00000B4C}<NvcPluginManager> Unloaded plugin 'AutoFL_Plugin'
#3(I)[2022-10-06 14:00:26,781]{00000B4C}<NvcHost>          Container is initialized with 1. State: normal
#4(I)[2022-10-06 14:00:26,781]{00000B4C}<NvcHost>          Base host core
#5(I)[2022-10-06 14:00:26,781]{00000B4C}<NvcHost>          Container is starting
#6(I)[2022-10-06 14:00:26,781]{00000B4C}<NvcPluginManager> Initiate transition to Starting state for NvFBCPlugin
#7(I)[2022-10-06 14:00:26,781]{00000B4C}<NvcPluginManager> NvcPluginLoadStats for 'NvFBCPlugin' => LibraryLoadTime = 62498 us, ImageLoadTime = 0 us, AbsLibraryLoadTime = 62498, InitializeProcTime = 0 us, InitializeTimeTotal = 0 us, StartProcTime = 0 us, StartTimeTotal = 0 us. 
#8(I)[2022-10-06 14:00:26,781]{00000B4C}<NvcTelemetryHelp> NvcPluginLoadStats for NvFBCPlugin returned 1
#9(I)[2022-10-06 14:00:26,781]{00000B4C}<NvcPluginManager> Transition to Started state for NvFBCPlugin completed
#0(I)[2022-10-06 14:00:26,781]{00000B4C}<NvcPluginManager> Initiate transition to Starting state for NvProfileUpdaterPlugin
#1(I)[2022-10-06 14:00:26,781]{00000B4C}<NvcPluginManager> NvcPluginLoadStats for 'NvProfileUpdaterPlugin' => LibraryLoadTime = 31250 us, ImageLoadTime = 0 us, AbsLibraryLoadTime = 31250, InitializeProcTime = 15597 us, InitializeTimeTotal = 15597 us, StartProcTime = 0 us, StartTimeTotal = 0 us. 
#2(I)[2022-10-06 14:00:26,781]{00000B4C}<NvcTelemetryHelp> NvcPluginLoadStats for NvProfileUpdaterPlugin returned 1
#3(I)[2022-10-06 14:00:26,781]{00000B4C}<NvcPluginManager> Transition to Started state for NvProfileUpdaterPlugin completed
#4(I)[2022-10-06 14:00:26,781]{00000B4C}<NvcPluginManager> Initiate transition to Starting state for NvXDSyncPlugin
#5(I)[2022-10-06 14:00:26,781]{00000B4C}<NvcPluginManager> Transition to Starting state for NvXDSyncPlugin is in progress
#6(I)[2022-10-06 14:00:26,781]{00000B4C}<NvcPluginManager> Initiate transition to Starting state for NvWksServicePlugin
#7(I)[2022-10-06 14:00:26,781]{00000B4C}<NvcPluginManager> NvcPluginLoadStats for 'NvWksServicePlugin' => LibraryLoadTime = 15598 us, ImageLoadTime = 0 us, AbsLibraryLoadTime = 15598, InitializeProcTime = 0 us, InitializeTimeTotal = 0 us, StartProcTime = 0 us, StartTimeTotal = 0 us. 
#8(I)[2022-10-06 14:00:26,781]{00000B4C}<NvcTelemetryHelp> NvcPluginLoadStats for NvWksServicePlugin returned 1
#9(I)[2022-10-06 14:00:26,781]{00000B4C}<NvcPluginManager> Transition to Started state for NvWksServicePlugin completed
#0(I)[2022-10-06 14:00:26,781]{00000B4C}<NvcPluginManager> Initiate transition to Starting state for NvTopps_Plugin
#1(I)[2022-10-06 14:00:26,859]{00000B4C}<NvcPluginManager> NvcPluginLoadStats for 'NvTopps_Plugin' => LibraryLoadTime = 125028 us, ImageLoadTime = 0 us, AbsLibraryLoadTime = 125028, InitializeProcTime = 93749 us, InitializeTimeTotal = 93749 us, StartProcTime = 78127 us, StartTimeTotal = 78127 us. 
#2(I)[2022-10-06 14:00:26,859]{00000B4C}<NvcTelemetryHelp> NvcPluginLoadStats for NvTopps_Plugin returned 1
#3(I)[2022-10-06 14:00:26,859]{00000B4C}<NvcPluginManager> Transition to Started state for NvTopps_Plugin completed
#4(I)[2022-10-06 14:00:26,859]{00000B4C}<NvcUserAppHost>   Received WM_ENDSESSION message: wparam=1, lparam=0x0
#5(I)[2022-10-06 14:00:26,859]{00000B4C}<NvcUserAppHost>   Exiting on WM_ENDSESSION message
