#0(I)[2022-12-09 13:00:21,978]{00003F68}<NvContainer>      Container main v1.37
#1(I)[2022-12-09 13:00:21,978]{00003F68}<NvContainer>      Telemetry API initialized
#2(I)[2022-12-09 13:00:21,978]{00003F68}<NvcHost>          Base host initialized successfully
#3(W)[2022-12-09 13:00:21,978]{00003F68}<NvcRegistryStora> Failed to initialize RegistryStorage with status 2
#4(I)[2022-12-09 13:00:21,978]{00003F68}<NvcHostWin32>     Dynamic loading of plugins is enabled
#5(I)[2022-12-09 13:00:21,978]{00003F68}<NvcHostWin32>     Dynamic unloading of plugins is enabled
#6(I)[2022-12-09 13:00:21,994]{00003F68}<NvcHostWin32>     Open parent process 00000000000001DC for PID 2916
#7(I)[2022-12-09 13:00:21,994]{00003F68}<NvcHostWin32>     Win32 host initialized successfully
#8(I)[2022-12-09 13:00:21,994]{00003F68}<NvcHostWin32>     Use external event 'Global\NvContainer2916-session6-c:_windows_system32_driverstore_filerepository_nvam.inf_amd64_8d754cd0d965c4b7_display.nvcontainer_plugins_session' for quitting
#9(I)[2022-12-09 13:00:21,994]{00003F68}<NvcHost>          Load plugins from C:\Windows\System32\DriverStore\FileRepository\nvam.inf_amd64_8d754cd0d965c4b7\Display.NvContainer\plugins\Session
#0(I)[2022-12-09 13:00:21,994]{000033F4}<NvcHostWin32>     Parent process tracking thread started with timeout: 4294967295
#1(I)[2022-12-09 13:00:21,994]{00003F68}<NvcPluginManager> Loading C:\Windows\System32\DriverStore\FileRepository\nvam.inf_amd64_8d754cd0d965c4b7\Display.NvContainer\plugins\Session/NvFBCPlugin.dll
#2(W)[2022-12-09 13:00:21,994]{00003F68}<NvcJsonFileStora> Failed to load JSON from C:\Windows\System32\DriverStore\FileRepository\nvam.inf_amd64_8d754cd0d965c4b7\Display.NvContainer\plugins\Session/NvFBCPlugin.json
#3(W)[2022-12-09 13:00:21,994]{00003F68}<NvcRegistryStora> Failed to initialize RegistryStorage with status 2
#4(I)[2022-12-09 13:00:22,137]{00003F68}<NvcPluginLoadHel> Secure loading C:\Windows\System32\DriverStore\FileRepository\nvam.inf_amd64_8d754cd0d965c4b7\Display.NvContainer\plugins\Session/NvFBCPlugin.dll - 6.14.15.1691 at 00007FFB3CD80000 took 143566 microseconds
#5(I)[2022-12-09 13:00:22,137]{00003F68}<NvcPluginManager> Loaded C:\Windows\System32\DriverStore\FileRepository\nvam.inf_amd64_8d754cd0d965c4b7\Display.NvContainer\plugins\Session/NvFBCPlugin.dll
#6(I)[2022-12-09 13:00:22,137]{00003F68}<NvcPluginManager> Loaded mandatory plugin NvFBCPlugin, version 1
#7(I)[2022-12-09 13:00:22,137]{00003F68}<NvcPluginManager> Loading C:\Windows\System32\DriverStore\FileRepository\nvam.inf_amd64_8d754cd0d965c4b7\Display.NvContainer\plugins\Session/nvprofileupdaterplugin.dll
#8(W)[2022-12-09 13:00:22,137]{00003F68}<NvcJsonFileStora> Failed to load JSON from C:\Windows\System32\DriverStore\FileRepository\nvam.inf_amd64_8d754cd0d965c4b7\Display.NvContainer\plugins\Session/nvprofileupdaterplugin.json
#9(W)[2022-12-09 13:00:22,137]{00003F68}<NvcRegistryStora> Failed to initialize RegistryStorage with status 2
#0(I)[2022-12-09 13:00:22,210]{00003F68}<NvcPluginLoadHel> Secure loading C:\Windows\System32\DriverStore\FileRepository\nvam.inf_amd64_8d754cd0d965c4b7\Display.NvContainer\plugins\Session/nvprofileupdaterplugin.dll - 31.0.15.1691 at 00007FFB3BC00000 took 40879 microseconds
#1(I)[2022-12-09 13:00:22,210]{00003F68}<NvcPluginManager> Loaded C:\Windows\System32\DriverStore\FileRepository\nvam.inf_amd64_8d754cd0d965c4b7\Display.NvContainer\plugins\Session/nvprofileupdaterplugin.dll
#2(I)[2022-12-09 13:00:22,210]{00003F68}<NvcPluginManager> Loaded mandatory plugin NvProfileUpdaterPlugin, version 1
#3(I)[2022-12-09 13:00:22,210]{00003F68}<NvcPluginManager> Loading C:\Windows\System32\DriverStore\FileRepository\nvam.inf_amd64_8d754cd0d965c4b7\Display.NvContainer\plugins\Session/nvxdsyncplugin.dll
#4(W)[2022-12-09 13:00:22,210]{00003F68}<NvcJsonFileStora> Failed to load JSON from C:\Windows\System32\DriverStore\FileRepository\nvam.inf_amd64_8d754cd0d965c4b7\Display.NvContainer\plugins\Session/nvxdsyncplugin.json
#5(W)[2022-12-09 13:00:22,210]{00003F68}<NvcRegistryStora> Failed to initialize RegistryStorage with status 2
#6(I)[2022-12-09 13:00:22,272]{00003F68}<NvcPluginLoadHel> Secure loading C:\Windows\System32\DriverStore\FileRepository\nvam.inf_amd64_8d754cd0d965c4b7\Display.NvContainer\plugins\Session/nvxdsyncplugin.dll - 8.17.15.1691 at 00007FFB3C1C0000 took 33065 microseconds
#7(I)[2022-12-09 13:00:22,272]{00003F68}<NvcPluginManager> Loaded C:\Windows\System32\DriverStore\FileRepository\nvam.inf_amd64_8d754cd0d965c4b7\Display.NvContainer\plugins\Session/nvxdsyncplugin.dll
#8(I)[2022-12-09 13:00:22,272]{00003F68}<NvcPluginManager> Loaded mandatory plugin NvXDSyncPlugin, version 1
#9(I)[2022-12-09 13:00:22,272]{00003F68}<NvcPluginManager> Loading C:\Windows\System32\DriverStore\FileRepository\nvam.inf_amd64_8d754cd0d965c4b7\Display.NvContainer\plugins\Session/wksServicePlugin.dll
#0(W)[2022-12-09 13:00:22,272]{00003F68}<NvcJsonFileStora> Failed to load JSON from C:\Windows\System32\DriverStore\FileRepository\nvam.inf_amd64_8d754cd0d965c4b7\Display.NvContainer\plugins\Session/wksServicePlugin.json
#1(W)[2022-12-09 13:00:22,272]{00003F68}<NvcRegistryStora> Failed to initialize RegistryStorage with status 2
#2(I)[2022-12-09 13:00:22,303]{00003F68}<NvcPluginLoadHel> Secure loading C:\Windows\System32\DriverStore\FileRepository\nvam.inf_amd64_8d754cd0d965c4b7\Display.NvContainer\plugins\Session/wksServicePlugin.dll - 31.0.15.1691 at 00007FFB485A0000 took 15472 microseconds
#3(I)[2022-12-09 13:00:22,303]{00003F68}<NvcPluginManager> Loaded C:\Windows\System32\DriverStore\FileRepository\nvam.inf_amd64_8d754cd0d965c4b7\Display.NvContainer\plugins\Session/wksServicePlugin.dll
#4(I)[2022-12-09 13:00:22,303]{00003F68}<NvcPluginManager> Loaded mandatory plugin NvWksServicePlugin, version 1
#5(I)[2022-12-09 13:00:22,303]{00003F68}<NvcPluginManager> Loading C:\Windows\System32\DriverStore\FileRepository\nvam.inf_amd64_8d754cd0d965c4b7\Display.NvContainer\plugins\Session/_NvGSTPlugin.dll
#6(W)[2022-12-09 13:00:22,303]{00003F68}<NvcJsonFileStora> Failed to load JSON from C:\Windows\System32\DriverStore\FileRepository\nvam.inf_amd64_8d754cd0d965c4b7\Display.NvContainer\plugins\Session/_NvGSTPlugin.json
#7(W)[2022-12-09 13:00:22,303]{00003F68}<NvcRegistryStora> Failed to initialize RegistryStorage with status 2
#8(I)[2022-12-09 13:00:22,378]{00003F68}<NvcPluginLoadHel> Secure loading C:\Windows\System32\DriverStore\FileRepository\nvam.inf_amd64_8d754cd0d965c4b7\Display.NvContainer\plugins\Session/_NvGSTPlugin.dll - 31.0.15.1691 at 00007FFB3AC80000 took 45967 microseconds
#9(I)[2022-12-09 13:00:22,378]{00003F68}<NvcPluginManager> Loaded C:\Windows\System32\DriverStore\FileRepository\nvam.inf_amd64_8d754cd0d965c4b7\Display.NvContainer\plugins\Session/_NvGSTPlugin.dll
#0(I)[2022-12-09 13:00:22,378]{00003F68}<NvcPluginManager> Loaded optional plugin GamesessionTelemetry_Plugin, version 1
#1(I)[2022-12-09 13:00:22,378]{00003F68}<NvcPluginManager> Loading C:\Windows\System32\DriverStore\FileRepository\nvam.inf_amd64_8d754cd0d965c4b7\Display.NvContainer\plugins\Session/_nvppo.dll
#2(W)[2022-12-09 13:00:22,378]{00003F68}<NvcJsonFileStora> Failed to load JSON from C:\Windows\System32\DriverStore\FileRepository\nvam.inf_amd64_8d754cd0d965c4b7\Display.NvContainer\plugins\Session/_nvppo.json
#3(W)[2022-12-09 13:00:22,378]{00003F68}<NvcRegistryStora> Failed to initialize RegistryStorage with status 2
#4(I)[2022-12-09 13:00:22,438]{00003F68}<NvcPluginLoadHel> Secure loading C:\Windows\System32\DriverStore\FileRepository\nvam.inf_amd64_8d754cd0d965c4b7\Display.NvContainer\plugins\Session/_nvppo.dll - 31.0.15.1691 at 00007FFB3A920000 took 40013 microseconds
#5(I)[2022-12-09 13:00:22,438]{00003F68}<NvcPluginManager> Loaded C:\Windows\System32\DriverStore\FileRepository\nvam.inf_amd64_8d754cd0d965c4b7\Display.NvContainer\plugins\Session/_nvppo.dll
#6(I)[2022-12-09 13:00:22,438]{00003F68}<NvcPluginManager> Loaded optional plugin AutoFL_Plugin, version 1
#7(I)[2022-12-09 13:00:22,438]{00003F68}<NvcPluginManager> Loading C:\Windows\System32\DriverStore\FileRepository\nvam.inf_amd64_8d754cd0d965c4b7\Display.NvContainer\plugins\Session/_nvtopps.dll
#8(W)[2022-12-09 13:00:22,438]{00003F68}<NvcJsonFileStora> Failed to load JSON from C:\Windows\System32\DriverStore\FileRepository\nvam.inf_amd64_8d754cd0d965c4b7\Display.NvContainer\plugins\Session/_nvtopps.json
#9(W)[2022-12-09 13:00:22,438]{00003F68}<NvcRegistryStora> Failed to initialize RegistryStorage with status 2
#0(I)[2022-12-09 13:00:22,697]{00003F68}<NvcPluginLoadHel> Secure loading C:\Windows\System32\DriverStore\FileRepository\nvam.inf_amd64_8d754cd0d965c4b7\Display.NvContainer\plugins\Session/_nvtopps.dll - 31.0.15.1691 at 00007FFB28D80000 took 219784 microseconds
#1(I)[2022-12-09 13:00:22,697]{00003F68}<NvcPluginManager> Loaded C:\Windows\System32\DriverStore\FileRepository\nvam.inf_amd64_8d754cd0d965c4b7\Display.NvContainer\plugins\Session/_nvtopps.dll
#2(I)[2022-12-09 13:00:22,697]{00003F68}<NvcPluginManager> Loaded optional plugin NvTopps_Plugin, version 1
#3(I)[2022-12-09 13:00:22,697]{00003F68}<NvcHost>          Creating directory listener to represent current folder state
#4(I)[2022-12-09 13:00:22,697]{00003F68}<DirectoryListene> Adding directory C:\Windows\System32\DriverStore\FileRepository\nvam.inf_amd64_8d754cd0d965c4b7\Display.NvContainer\plugins\Session.
#5(I)[2022-12-09 13:00:22,697]{00003F68}<NvcHost>          Successfully updated directory change listener
#6(I)[2022-12-09 13:00:22,697]{00003F68}<NvcHost>          Container is initializing
#7(I)[2022-12-09 13:00:22,697]{00003F68}<NvcPluginManager> Initiate transition to Initializing state for NvFBCPlugin
#8(I)[2022-12-09 13:00:22,697]{00003F68}<NvcPluginManager> Transition to Initialized state for NvFBCPlugin completed
#9(I)[2022-12-09 13:00:22,697]{00003F68}<NvcPluginManager> Initiate transition to Initializing state for NvProfileUpdaterPlugin
#0(I)[2022-12-09 13:00:22,727]{00003F68}<NvcPluginManager> Transition to Initialized state for NvProfileUpdaterPlugin completed
#1(I)[2022-12-09 13:00:22,727]{00003F68}<NvcPluginManager> Initiate transition to Initializing state for NvXDSyncPlugin
#2(I)[2022-12-09 13:00:22,727]{00003F68}<NvcPluginManager> Transition to Initialized state for NvXDSyncPlugin completed
#3(I)[2022-12-09 13:00:22,727]{00003F68}<NvcPluginManager> Initiate transition to Initializing state for NvWksServicePlugin
#4(I)[2022-12-09 13:00:22,738]{00003F68}<NvcPluginManager> Transition to Initialized state for NvWksServicePlugin completed
#5(I)[2022-12-09 13:00:22,738]{00003F68}<NvcPluginManager> Initiate transition to Initializing state for GamesessionTelemetry_Plugin
#6(I)[2022-12-09 13:00:22,738]{00003F68}<NvcPluginManager> Transition to Initialized state for GamesessionTelemetry_Plugin completed
#7(I)[2022-12-09 13:00:22,738]{00003F68}<NvcPluginManager> Initiate transition to Initializing state for AutoFL_Plugin
#8(I)[2022-12-09 13:00:22,738]{00003F68}<NvcPluginManager> Notification 3 / 0000000000000000 from AutoFL_Plugin
#9(I)[2022-12-09 13:00:22,738]{00003F68}<NvcPluginManager> Notification: plugin AutoFL_Plugin is done
#0(I)[2022-12-09 13:00:22,738]{00003F68}<NvcPluginManager> Transition to Initialized state for AutoFL_Plugin completed
#1(I)[2022-12-09 13:00:22,738]{00003F68}<NvcPluginManager> Transition to Initialized state for AutoFL_Plugin completed
#2(I)[2022-12-09 13:00:22,738]{00003F68}<NvcPluginManager> Initiate transition to Initializing state for NvTopps_Plugin
#3(I)[2022-12-09 13:00:22,925]{00003F68}<NvcPluginManager> Transition to Initialized state for NvTopps_Plugin completed
#4(I)[2022-12-09 13:00:22,925]{00003F68}<NvcHost>          Optional plugin AutoFL_Plugin is in state Initialized. Unload it
#5(I)[2022-12-09 13:00:22,925]{00003F68}<NvcHost>          Container is going to unload plugin AutoFL_Plugin. State: normal
#6(I)[2022-12-09 13:00:22,925]{00003F68}<NvcPluginManager> Initiate transition to Uninitializing state for AutoFL_Plugin
#7(I)[2022-12-09 13:00:22,925]{00003F68}<NvcPluginManager> Transition to Uninitialized state for AutoFL_Plugin completed
#8(I)[2022-12-09 13:00:22,925]{00003F68}<NvcHost>          Container has uninitialized plugin AutoFL_Plugin. State: normal
#9(I)[2022-12-09 13:00:22,925]{00003F68}<NvcPluginManager> Unload plugin 'AutoFL_Plugin' - C:\Windows\System32\DriverStore\FileRepository\nvam.inf_amd64_8d754cd0d965c4b7\Display.NvContainer\plugins\Session/_nvppo.dll
#0(I)[2022-12-09 13:00:22,925]{00003F68}<NvcPluginManager> Unloaded plugin 'AutoFL_Plugin'
#1(I)[2022-12-09 13:00:22,925]{00003F68}<NvcHost>          Container is initialized with 1. State: normal
#2(I)[2022-12-09 13:00:22,925]{00003F68}<NvcHost>          Base host core
#3(I)[2022-12-09 13:00:22,925]{00003F68}<NvcHost>          Container is starting
#4(I)[2022-12-09 13:00:22,925]{00003F68}<NvcPluginManager> Initiate transition to Starting state for NvFBCPlugin
#5(I)[2022-12-09 13:00:22,925]{00003F68}<NvcPluginManager> NvcPluginLoadStats for 'NvFBCPlugin' => LibraryLoadTime = 143566 us, ImageLoadTime = 0 us, AbsLibraryLoadTime = 143566, InitializeProcTime = 0 us, InitializeTimeTotal = 0 us, StartProcTime = 0 us, StartTimeTotal = 0 us. 
#6(I)[2022-12-09 13:00:22,925]{00003F68}<NvcTelemetryHelp> NvcPluginLoadStats for NvFBCPlugin returned 1
#7(I)[2022-12-09 13:00:22,925]{00003F68}<NvcPluginManager> Transition to Started state for NvFBCPlugin completed
#8(I)[2022-12-09 13:00:22,925]{00003F68}<NvcPluginManager> Initiate transition to Starting state for NvProfileUpdaterPlugin
#9(I)[2022-12-09 13:00:22,925]{00003F68}<NvcPluginManager> NvcPluginLoadStats for 'NvProfileUpdaterPlugin' => LibraryLoadTime = 72429 us, ImageLoadTime = 31550 us, AbsLibraryLoadTime = 40879, InitializeProcTime = 29967 us, InitializeTimeTotal = 29967 us, StartProcTime = 0 us, StartTimeTotal = 0 us. 
#0(I)[2022-12-09 13:00:22,925]{00003F68}<NvcTelemetryHelp> NvcPluginLoadStats for NvProfileUpdaterPlugin returned 1
#1(I)[2022-12-09 13:00:22,925]{00003F68}<NvcPluginManager> Transition to Started state for NvProfileUpdaterPlugin completed
#2(I)[2022-12-09 13:00:22,925]{00003F68}<NvcPluginManager> Initiate transition to Starting state for NvXDSyncPlugin
#3(I)[2022-12-09 13:00:22,925]{00003F68}<NvcPluginManager> Transition to Starting state for NvXDSyncPlugin is in progress
#4(I)[2022-12-09 13:00:22,925]{00003F68}<NvcPluginManager> Initiate transition to Starting state for NvWksServicePlugin
#5(I)[2022-12-09 13:00:22,925]{00003F68}<NvcPluginManager> NvcPluginLoadStats for 'NvWksServicePlugin' => LibraryLoadTime = 30781 us, ImageLoadTime = 15309 us, AbsLibraryLoadTime = 15472, InitializeProcTime = 10337 us, InitializeTimeTotal = 10337 us, StartProcTime = 0 us, StartTimeTotal = 0 us. 
#6(I)[2022-12-09 13:00:22,925]{00003F68}<NvcTelemetryHelp> NvcPluginLoadStats for NvWksServicePlugin returned 1
#7(I)[2022-12-09 13:00:22,925]{00003F68}<NvcPluginManager> Transition to Started state for NvWksServicePlugin completed
#8(I)[2022-12-09 13:00:22,925]{00003F68}<NvcPluginManager> Initiate transition to Starting state for GamesessionTelemetry_Plugin
#9(I)[2022-12-09 13:00:22,925]{00003F68}<NvcPluginManager> NvcPluginLoadStats for 'GamesessionTelemetry_Plugin' => LibraryLoadTime = 74882 us, ImageLoadTime = 24732 us, AbsLibraryLoadTime = 45967, InitializeProcTime = 0 us, InitializeTimeTotal = 0 us, StartProcTime = 0 us, StartTimeTotal = 0 us. 
#0(I)[2022-12-09 13:00:22,925]{00003F68}<NvcTelemetryHelp> NvcPluginLoadStats for GamesessionTelemetry_Plugin returned 1
#1(I)[2022-12-09 13:00:22,925]{00003F68}<NvcPluginManager> Transition to Started state for GamesessionTelemetry_Plugin completed
#2(I)[2022-12-09 13:00:22,925]{00003F68}<NvcPluginManager> Initiate transition to Starting state for NvTopps_Plugin
#3(I)[2022-12-09 13:00:22,987]{00003F68}<NvcPluginManager> NvcPluginLoadStats for 'NvTopps_Plugin' => LibraryLoadTime = 259781 us, ImageLoadTime = 39997 us, AbsLibraryLoadTime = 219784, InitializeProcTime = 186872 us, InitializeTimeTotal = 186872 us, StartProcTime = 62518 us, StartTimeTotal = 62518 us. 
#4(I)[2022-12-09 13:00:22,987]{00003F68}<NvcTelemetryHelp> NvcPluginLoadStats for NvTopps_Plugin returned 1
#5(I)[2022-12-09 13:00:22,987]{00003F68}<NvcPluginManager> Transition to Started state for NvTopps_Plugin completed
#6(I)[2022-12-09 13:00:23,036]{00003F68}<NvcUserAppHost>   Received WM_ENDSESSION message: wparam=1, lparam=0x0
#7(I)[2022-12-09 13:00:23,036]{00003F68}<NvcUserAppHost>   Exiting on WM_ENDSESSION message
