#0(I)[2022-12-12 15:21:16,305]{00006514}<NvContainer>      Container main v1.37
#1(I)[2022-12-12 15:21:16,305]{00006514}<NvContainer>      Telemetry API initialized
#2(I)[2022-12-12 15:21:16,305]{00006514}<NvcHost>          Base host initialized successfully
#3(W)[2022-12-12 15:21:16,305]{00006514}<NvcRegistryStora> Failed to initialize RegistryStorage with status 2
#4(I)[2022-12-12 15:21:16,305]{00006514}<NvcHostWin32>     Dynamic loading of plugins is enabled
#5(I)[2022-12-12 15:21:16,305]{00006514}<NvcHostWin32>     Dynamic unloading of plugins is enabled
#6(I)[2022-12-12 15:21:16,305]{00006514}<NvcHostWin32>     Open parent process 00000000000001BC for PID 2916
#7(I)[2022-12-12 15:21:16,305]{00006514}<NvcHostWin32>     Win32 host initialized successfully
#8(I)[2022-12-12 15:21:16,305]{00006514}<NvcHostWin32>     Use external event 'Global\NvContainer2916-session7-c:_windows_system32_driverstore_filerepository_nvam.inf_amd64_8d754cd0d965c4b7_display.nvcontainer_plugins_session' for quitting
#9(I)[2022-12-12 15:21:16,305]{00006514}<NvcHost>          Load plugins from C:\Windows\System32\DriverStore\FileRepository\nvam.inf_amd64_8d754cd0d965c4b7\Display.NvContainer\plugins\Session
#0(I)[2022-12-12 15:21:16,305]{00000E64}<NvcHostWin32>     Parent process tracking thread started with timeout: 4294967295
#1(I)[2022-12-12 15:21:16,305]{00006514}<NvcPluginManager> Loading C:\Windows\System32\DriverStore\FileRepository\nvam.inf_amd64_8d754cd0d965c4b7\Display.NvContainer\plugins\Session/NvFBCPlugin.dll
#2(W)[2022-12-12 15:21:16,305]{00006514}<NvcJsonFileStora> Failed to load JSON from C:\Windows\System32\DriverStore\FileRepository\nvam.inf_amd64_8d754cd0d965c4b7\Display.NvContainer\plugins\Session/NvFBCPlugin.json
#3(W)[2022-12-12 15:21:16,305]{00006514}<NvcRegistryStora> Failed to initialize RegistryStorage with status 2
#4(I)[2022-12-12 15:21:16,414]{00006514}<NvcPluginLoadHel> Secure loading C:\Windows\System32\DriverStore\FileRepository\nvam.inf_amd64_8d754cd0d965c4b7\Display.NvContainer\plugins\Session/NvFBCPlugin.dll - 6.14.15.1691 at 00007FFB44900000 took 109379 microseconds
#5(I)[2022-12-12 15:21:16,414]{00006514}<NvcPluginManager> Loaded C:\Windows\System32\DriverStore\FileRepository\nvam.inf_amd64_8d754cd0d965c4b7\Display.NvContainer\plugins\Session/NvFBCPlugin.dll
#6(I)[2022-12-12 15:21:16,414]{00006514}<NvcPluginManager> Loaded mandatory plugin NvFBCPlugin, version 1
#7(I)[2022-12-12 15:21:16,414]{00006514}<NvcPluginManager> Loading C:\Windows\System32\DriverStore\FileRepository\nvam.inf_amd64_8d754cd0d965c4b7\Display.NvContainer\plugins\Session/nvprofileupdaterplugin.dll
#8(W)[2022-12-12 15:21:16,414]{00006514}<NvcJsonFileStora> Failed to load JSON from C:\Windows\System32\DriverStore\FileRepository\nvam.inf_amd64_8d754cd0d965c4b7\Display.NvContainer\plugins\Session/nvprofileupdaterplugin.json
#9(W)[2022-12-12 15:21:16,414]{00006514}<NvcRegistryStora> Failed to initialize RegistryStorage with status 2
#0(I)[2022-12-12 15:21:16,446]{00006514}<NvcPluginLoadHel> Secure loading C:\Windows\System32\DriverStore\FileRepository\nvam.inf_amd64_8d754cd0d965c4b7\Display.NvContainer\plugins\Session/nvprofileupdaterplugin.dll - 31.0.15.1691 at 00007FFB3C3C0000 took 31246 microseconds
#1(I)[2022-12-12 15:21:16,446]{00006514}<NvcPluginManager> Loaded C:\Windows\System32\DriverStore\FileRepository\nvam.inf_amd64_8d754cd0d965c4b7\Display.NvContainer\plugins\Session/nvprofileupdaterplugin.dll
#2(I)[2022-12-12 15:21:16,446]{00006514}<NvcPluginManager> Loaded mandatory plugin NvProfileUpdaterPlugin, version 1
#3(I)[2022-12-12 15:21:16,446]{00006514}<NvcPluginManager> Loading C:\Windows\System32\DriverStore\FileRepository\nvam.inf_amd64_8d754cd0d965c4b7\Display.NvContainer\plugins\Session/nvxdsyncplugin.dll
#4(W)[2022-12-12 15:21:16,446]{00006514}<NvcJsonFileStora> Failed to load JSON from C:\Windows\System32\DriverStore\FileRepository\nvam.inf_amd64_8d754cd0d965c4b7\Display.NvContainer\plugins\Session/nvxdsyncplugin.json
#5(W)[2022-12-12 15:21:16,446]{00006514}<NvcRegistryStora> Failed to initialize RegistryStorage with status 2
#6(I)[2022-12-12 15:21:16,477]{00006514}<NvcPluginLoadHel> Secure loading C:\Windows\System32\DriverStore\FileRepository\nvam.inf_amd64_8d754cd0d965c4b7\Display.NvContainer\plugins\Session/nvxdsyncplugin.dll - 8.17.15.1691 at 00007FFB3CD10000 took 31249 microseconds
#7(I)[2022-12-12 15:21:16,477]{00006514}<NvcPluginManager> Loaded C:\Windows\System32\DriverStore\FileRepository\nvam.inf_amd64_8d754cd0d965c4b7\Display.NvContainer\plugins\Session/nvxdsyncplugin.dll
#8(I)[2022-12-12 15:21:16,477]{00006514}<NvcPluginManager> Loaded mandatory plugin NvXDSyncPlugin, version 1
#9(I)[2022-12-12 15:21:16,477]{00006514}<NvcPluginManager> Loading C:\Windows\System32\DriverStore\FileRepository\nvam.inf_amd64_8d754cd0d965c4b7\Display.NvContainer\plugins\Session/wksServicePlugin.dll
#0(W)[2022-12-12 15:21:16,477]{00006514}<NvcJsonFileStora> Failed to load JSON from C:\Windows\System32\DriverStore\FileRepository\nvam.inf_amd64_8d754cd0d965c4b7\Display.NvContainer\plugins\Session/wksServicePlugin.json
#1(W)[2022-12-12 15:21:16,477]{00006514}<NvcRegistryStora> Failed to initialize RegistryStorage with status 2
#2(I)[2022-12-12 15:21:16,493]{00006514}<NvcPluginLoadHel> Secure loading C:\Windows\System32\DriverStore\FileRepository\nvam.inf_amd64_8d754cd0d965c4b7\Display.NvContainer\plugins\Session/wksServicePlugin.dll - 31.0.15.1691 at 00007FFB480F0000 took 15624 microseconds
#3(I)[2022-12-12 15:21:16,493]{00006514}<NvcPluginManager> Loaded C:\Windows\System32\DriverStore\FileRepository\nvam.inf_amd64_8d754cd0d965c4b7\Display.NvContainer\plugins\Session/wksServicePlugin.dll
#4(I)[2022-12-12 15:21:16,493]{00006514}<NvcPluginManager> Loaded mandatory plugin NvWksServicePlugin, version 1
#5(I)[2022-12-12 15:21:16,493]{00006514}<NvcPluginManager> Loading C:\Windows\System32\DriverStore\FileRepository\nvam.inf_amd64_8d754cd0d965c4b7\Display.NvContainer\plugins\Session/_NvGSTPlugin.dll
#6(W)[2022-12-12 15:21:16,493]{00006514}<NvcJsonFileStora> Failed to load JSON from C:\Windows\System32\DriverStore\FileRepository\nvam.inf_amd64_8d754cd0d965c4b7\Display.NvContainer\plugins\Session/_NvGSTPlugin.json
#7(W)[2022-12-12 15:21:16,493]{00006514}<NvcRegistryStora> Failed to initialize RegistryStorage with status 2
#8(I)[2022-12-12 15:21:16,508]{00006514}<NvcPluginLoadHel> Secure loading C:\Windows\System32\DriverStore\FileRepository\nvam.inf_amd64_8d754cd0d965c4b7\Display.NvContainer\plugins\Session/_NvGSTPlugin.dll - 31.0.15.1691 at 00007FFB3BBB0000 took 15663 microseconds
#9(I)[2022-12-12 15:21:16,508]{00006514}<NvcPluginManager> Loaded C:\Windows\System32\DriverStore\FileRepository\nvam.inf_amd64_8d754cd0d965c4b7\Display.NvContainer\plugins\Session/_NvGSTPlugin.dll
#0(I)[2022-12-12 15:21:16,508]{00006514}<NvcPluginManager> Loaded optional plugin GamesessionTelemetry_Plugin, version 1
#1(I)[2022-12-12 15:21:16,508]{00006514}<NvcPluginManager> Loading C:\Windows\System32\DriverStore\FileRepository\nvam.inf_amd64_8d754cd0d965c4b7\Display.NvContainer\plugins\Session/_nvppo.dll
#2(W)[2022-12-12 15:21:16,508]{00006514}<NvcJsonFileStora> Failed to load JSON from C:\Windows\System32\DriverStore\FileRepository\nvam.inf_amd64_8d754cd0d965c4b7\Display.NvContainer\plugins\Session/_nvppo.json
#3(W)[2022-12-12 15:21:16,508]{00006514}<NvcRegistryStora> Failed to initialize RegistryStorage with status 2
#4(I)[2022-12-12 15:21:16,524]{00006514}<NvcPluginLoadHel> Secure loading C:\Windows\System32\DriverStore\FileRepository\nvam.inf_amd64_8d754cd0d965c4b7\Display.NvContainer\plugins\Session/_nvppo.dll - 31.0.15.1691 at 00007FFB3AD60000 took 15588 microseconds
#5(I)[2022-12-12 15:21:16,524]{00006514}<NvcPluginManager> Loaded C:\Windows\System32\DriverStore\FileRepository\nvam.inf_amd64_8d754cd0d965c4b7\Display.NvContainer\plugins\Session/_nvppo.dll
#6(I)[2022-12-12 15:21:16,524]{00006514}<NvcPluginManager> Loaded optional plugin AutoFL_Plugin, version 1
#7(I)[2022-12-12 15:21:16,524]{00006514}<NvcPluginManager> Loading C:\Windows\System32\DriverStore\FileRepository\nvam.inf_amd64_8d754cd0d965c4b7\Display.NvContainer\plugins\Session/_nvtopps.dll
#8(W)[2022-12-12 15:21:16,524]{00006514}<NvcJsonFileStora> Failed to load JSON from C:\Windows\System32\DriverStore\FileRepository\nvam.inf_amd64_8d754cd0d965c4b7\Display.NvContainer\plugins\Session/_nvtopps.json
#9(W)[2022-12-12 15:21:16,524]{00006514}<NvcRegistryStora> Failed to initialize RegistryStorage with status 2
#0(I)[2022-12-12 15:21:16,602]{00006514}<NvcPluginLoadHel> Secure loading C:\Windows\System32\DriverStore\FileRepository\nvam.inf_amd64_8d754cd0d965c4b7\Display.NvContainer\plugins\Session/_nvtopps.dll - 31.0.15.1691 at 00007FFB28D80000 took 62500 microseconds
#1(I)[2022-12-12 15:21:16,602]{00006514}<NvcPluginManager> Loaded C:\Windows\System32\DriverStore\FileRepository\nvam.inf_amd64_8d754cd0d965c4b7\Display.NvContainer\plugins\Session/_nvtopps.dll
#2(I)[2022-12-12 15:21:16,602]{00006514}<NvcPluginManager> Loaded optional plugin NvTopps_Plugin, version 1
#3(I)[2022-12-12 15:21:16,602]{00006514}<NvcHost>          Creating directory listener to represent current folder state
#4(I)[2022-12-12 15:21:16,602]{00006514}<DirectoryListene> Adding directory C:\Windows\System32\DriverStore\FileRepository\nvam.inf_amd64_8d754cd0d965c4b7\Display.NvContainer\plugins\Session.
#5(I)[2022-12-12 15:21:16,602]{00006514}<NvcHost>          Successfully updated directory change listener
#6(I)[2022-12-12 15:21:16,602]{00006514}<NvcHost>          Container is initializing
#7(I)[2022-12-12 15:21:16,602]{00006514}<NvcPluginManager> Initiate transition to Initializing state for NvFBCPlugin
#8(I)[2022-12-12 15:21:16,602]{00006514}<NvcPluginManager> Transition to Initialized state for NvFBCPlugin completed
#9(I)[2022-12-12 15:21:16,602]{00006514}<NvcPluginManager> Initiate transition to Initializing state for NvProfileUpdaterPlugin
#0(I)[2022-12-12 15:21:16,618]{00006514}<NvcPluginManager> Transition to Initialized state for NvProfileUpdaterPlugin completed
#1(I)[2022-12-12 15:21:16,618]{00006514}<NvcPluginManager> Initiate transition to Initializing state for NvXDSyncPlugin
#2(I)[2022-12-12 15:21:16,618]{00006514}<NvcUserAppHost>   Received WM_ENDSESSION message: wparam=1, lparam=0x0
#3(I)[2022-12-12 15:21:16,618]{00006514}<NvcUserAppHost>   Exiting on WM_ENDSESSION message
