#0(I)[2023-07-17 13:00:57,650]{00004858}<NvContainer>      Container main v1.37
#1(I)[2023-07-17 13:00:57,650]{00004858}<NvContainer>      Telemetry API initialized
#2(I)[2023-07-17 13:00:57,650]{00004858}<NvcHost>          Base host initialized successfully
#3(W)[2023-07-17 13:00:57,665]{00004858}<NvcRegistryStora> Failed to initialize RegistryStorage with status 2
#4(I)[2023-07-17 13:00:57,665]{00004858}<NvcHostWin32>     Dynamic loading of plugins is enabled
#5(I)[2023-07-17 13:00:57,665]{00004858}<NvcHostWin32>     Dynamic unloading of plugins is enabled
#6(I)[2023-07-17 13:00:57,665]{00004858}<NvcHostWin32>     Open parent process 00000000000001CC for PID 2656
#7(I)[2023-07-17 13:00:57,665]{00004858}<NvcHostWin32>     Win32 host initialized successfully
#8(I)[2023-07-17 13:00:57,665]{00004858}<NvcHostWin32>     Use external event 'Global\NvContainer2656-session5-c:_windows_system32_driverstore_filerepository_nvam.inf_amd64_8d754cd0d965c4b7_display.nvcontainer_plugins_session' for quitting
#9(I)[2023-07-17 13:00:57,665]{00004858}<NvcHost>          Load plugins from C:\WINDOWS\System32\DriverStore\FileRepository\nvam.inf_amd64_8d754cd0d965c4b7\Display.NvContainer\plugins\Session
#0(I)[2023-07-17 13:00:57,665]{000027CC}<NvcHostWin32>     Parent process tracking thread started with timeout: 4294967295
#1(I)[2023-07-17 13:00:57,665]{00004858}<NvcPluginManager> Loading C:\WINDOWS\System32\DriverStore\FileRepository\nvam.inf_amd64_8d754cd0d965c4b7\Display.NvContainer\plugins\Session/NvFBCPlugin.dll
#2(W)[2023-07-17 13:00:57,665]{00004858}<NvcJsonFileStora> Failed to load JSON from C:\WINDOWS\System32\DriverStore\FileRepository\nvam.inf_amd64_8d754cd0d965c4b7\Display.NvContainer\plugins\Session/NvFBCPlugin.json
#3(W)[2023-07-17 13:00:57,665]{00004858}<NvcRegistryStora> Failed to initialize RegistryStorage with status 2
#4(I)[2023-07-17 13:00:57,760]{00004858}<NvcPluginLoadHel> Secure loading C:\WINDOWS\System32\DriverStore\FileRepository\nvam.inf_amd64_8d754cd0d965c4b7\Display.NvContainer\plugins\Session/NvFBCPlugin.dll - 6.14.15.1691 at 00007FF9DF7A0000 took 94229 microseconds
#5(I)[2023-07-17 13:00:57,760]{00004858}<NvcPluginManager> Loaded C:\WINDOWS\System32\DriverStore\FileRepository\nvam.inf_amd64_8d754cd0d965c4b7\Display.NvContainer\plugins\Session/NvFBCPlugin.dll
#6(I)[2023-07-17 13:00:57,760]{00004858}<NvcPluginManager> Loaded mandatory plugin NvFBCPlugin, version 1
#7(I)[2023-07-17 13:00:57,760]{00004858}<NvcPluginManager> Loading C:\WINDOWS\System32\DriverStore\FileRepository\nvam.inf_amd64_8d754cd0d965c4b7\Display.NvContainer\plugins\Session/nvprofileupdaterplugin.dll
#8(W)[2023-07-17 13:00:57,760]{00004858}<NvcJsonFileStora> Failed to load JSON from C:\WINDOWS\System32\DriverStore\FileRepository\nvam.inf_amd64_8d754cd0d965c4b7\Display.NvContainer\plugins\Session/nvprofileupdaterplugin.json
#9(W)[2023-07-17 13:00:57,760]{00004858}<NvcRegistryStora> Failed to initialize RegistryStorage with status 2
#0(I)[2023-07-17 13:00:57,791]{00004858}<NvcPluginLoadHel> Secure loading C:\WINDOWS\System32\DriverStore\FileRepository\nvam.inf_amd64_8d754cd0d965c4b7\Display.NvContainer\plugins\Session/nvprofileupdaterplugin.dll - 31.0.15.1691 at 00007FF9CE3B0000 took 31284 microseconds
#1(I)[2023-07-17 13:00:57,791]{00004858}<NvcPluginManager> Loaded C:\WINDOWS\System32\DriverStore\FileRepository\nvam.inf_amd64_8d754cd0d965c4b7\Display.NvContainer\plugins\Session/nvprofileupdaterplugin.dll
#2(I)[2023-07-17 13:00:57,791]{00004858}<NvcPluginManager> Loaded mandatory plugin NvProfileUpdaterPlugin, version 1
#3(I)[2023-07-17 13:00:57,791]{00004858}<NvcPluginManager> Loading C:\WINDOWS\System32\DriverStore\FileRepository\nvam.inf_amd64_8d754cd0d965c4b7\Display.NvContainer\plugins\Session/nvxdsyncplugin.dll
#4(W)[2023-07-17 13:00:57,791]{00004858}<NvcJsonFileStora> Failed to load JSON from C:\WINDOWS\System32\DriverStore\FileRepository\nvam.inf_amd64_8d754cd0d965c4b7\Display.NvContainer\plugins\Session/nvxdsyncplugin.json
#5(W)[2023-07-17 13:00:57,791]{00004858}<NvcRegistryStora> Failed to initialize RegistryStorage with status 2
#6(I)[2023-07-17 13:00:57,823]{00004858}<NvcPluginLoadHel> Secure loading C:\WINDOWS\System32\DriverStore\FileRepository\nvam.inf_amd64_8d754cd0d965c4b7\Display.NvContainer\plugins\Session/nvxdsyncplugin.dll - 8.17.15.1691 at 00007FF9D14C0000 took 19223 microseconds
#7(I)[2023-07-17 13:00:57,823]{00004858}<NvcPluginManager> Loaded C:\WINDOWS\System32\DriverStore\FileRepository\nvam.inf_amd64_8d754cd0d965c4b7\Display.NvContainer\plugins\Session/nvxdsyncplugin.dll
#8(I)[2023-07-17 13:00:57,823]{00004858}<NvcPluginManager> Loaded mandatory plugin NvXDSyncPlugin, version 1
#9(I)[2023-07-17 13:00:57,823]{00004858}<NvcPluginManager> Loading C:\WINDOWS\System32\DriverStore\FileRepository\nvam.inf_amd64_8d754cd0d965c4b7\Display.NvContainer\plugins\Session/wksServicePlugin.dll
#0(W)[2023-07-17 13:00:57,823]{00004858}<NvcJsonFileStora> Failed to load JSON from C:\WINDOWS\System32\DriverStore\FileRepository\nvam.inf_amd64_8d754cd0d965c4b7\Display.NvContainer\plugins\Session/wksServicePlugin.json
#1(W)[2023-07-17 13:00:57,823]{00004858}<NvcRegistryStora> Failed to initialize RegistryStorage with status 2
#2(I)[2023-07-17 13:00:57,838]{00004858}<NvcPluginLoadHel> Secure loading C:\WINDOWS\System32\DriverStore\FileRepository\nvam.inf_amd64_8d754cd0d965c4b7\Display.NvContainer\plugins\Session/wksServicePlugin.dll - 31.0.15.1691 at 00007FF9E54C0000 took 15624 microseconds
#3(I)[2023-07-17 13:00:57,838]{00004858}<NvcPluginManager> Loaded C:\WINDOWS\System32\DriverStore\FileRepository\nvam.inf_amd64_8d754cd0d965c4b7\Display.NvContainer\plugins\Session/wksServicePlugin.dll
#4(I)[2023-07-17 13:00:57,838]{00004858}<NvcPluginManager> Loaded mandatory plugin NvWksServicePlugin, version 1
#5(I)[2023-07-17 13:00:57,838]{00004858}<NvcPluginManager> Loading C:\WINDOWS\System32\DriverStore\FileRepository\nvam.inf_amd64_8d754cd0d965c4b7\Display.NvContainer\plugins\Session/_NvGSTPlugin.dll
#6(W)[2023-07-17 13:00:57,838]{00004858}<NvcJsonFileStora> Failed to load JSON from C:\WINDOWS\System32\DriverStore\FileRepository\nvam.inf_amd64_8d754cd0d965c4b7\Display.NvContainer\plugins\Session/_NvGSTPlugin.json
#7(W)[2023-07-17 13:00:57,838]{00004858}<NvcRegistryStora> Failed to initialize RegistryStorage with status 2
#8(I)[2023-07-17 13:00:57,870]{00004858}<NvcPluginLoadHel> Secure loading C:\WINDOWS\System32\DriverStore\FileRepository\nvam.inf_amd64_8d754cd0d965c4b7\Display.NvContainer\plugins\Session/_NvGSTPlugin.dll - 31.0.15.1691 at 00007FF9CA330000 took 31251 microseconds
#9(I)[2023-07-17 13:00:57,870]{00004858}<NvcPluginManager> Loaded C:\WINDOWS\System32\DriverStore\FileRepository\nvam.inf_amd64_8d754cd0d965c4b7\Display.NvContainer\plugins\Session/_NvGSTPlugin.dll
#0(I)[2023-07-17 13:00:57,870]{00004858}<NvcPluginManager> Loaded optional plugin GamesessionTelemetry_Plugin, version 1
#1(I)[2023-07-17 13:00:57,870]{00004858}<NvcPluginManager> Loading C:\WINDOWS\System32\DriverStore\FileRepository\nvam.inf_amd64_8d754cd0d965c4b7\Display.NvContainer\plugins\Session/_nvppo.dll
#2(W)[2023-07-17 13:00:57,870]{00004858}<NvcJsonFileStora> Failed to load JSON from C:\WINDOWS\System32\DriverStore\FileRepository\nvam.inf_amd64_8d754cd0d965c4b7\Display.NvContainer\plugins\Session/_nvppo.json
#3(W)[2023-07-17 13:00:57,870]{00004858}<NvcRegistryStora> Failed to initialize RegistryStorage with status 2
#4(I)[2023-07-17 13:00:57,885]{00004858}<NvcPluginLoadHel> Secure loading C:\WINDOWS\System32\DriverStore\FileRepository\nvam.inf_amd64_8d754cd0d965c4b7\Display.NvContainer\plugins\Session/_nvppo.dll - 31.0.15.1691 at 00007FF9CC1F0000 took 15622 microseconds
#5(I)[2023-07-17 13:00:57,885]{00004858}<NvcPluginManager> Loaded C:\WINDOWS\System32\DriverStore\FileRepository\nvam.inf_amd64_8d754cd0d965c4b7\Display.NvContainer\plugins\Session/_nvppo.dll
#6(I)[2023-07-17 13:00:57,885]{00004858}<NvcPluginManager> Loaded optional plugin AutoFL_Plugin, version 1
#7(I)[2023-07-17 13:00:57,885]{00004858}<NvcPluginManager> Loading C:\WINDOWS\System32\DriverStore\FileRepository\nvam.inf_amd64_8d754cd0d965c4b7\Display.NvContainer\plugins\Session/_nvtopps.dll
#8(W)[2023-07-17 13:00:57,885]{00004858}<NvcJsonFileStora> Failed to load JSON from C:\WINDOWS\System32\DriverStore\FileRepository\nvam.inf_amd64_8d754cd0d965c4b7\Display.NvContainer\plugins\Session/_nvtopps.json
#9(W)[2023-07-17 13:00:57,885]{00004858}<NvcRegistryStora> Failed to initialize RegistryStorage with status 2
#0(I)[2023-07-17 13:00:58,011]{00004858}<NvcPluginLoadHel> Secure loading C:\WINDOWS\System32\DriverStore\FileRepository\nvam.inf_amd64_8d754cd0d965c4b7\Display.NvContainer\plugins\Session/_nvtopps.dll - 31.0.15.1691 at 00007FF9C77A0000 took 125933 microseconds
#1(I)[2023-07-17 13:00:58,011]{00004858}<NvcPluginManager> Loaded C:\WINDOWS\System32\DriverStore\FileRepository\nvam.inf_amd64_8d754cd0d965c4b7\Display.NvContainer\plugins\Session/_nvtopps.dll
#2(I)[2023-07-17 13:00:58,011]{00004858}<NvcPluginManager> Loaded optional plugin NvTopps_Plugin, version 1
#3(I)[2023-07-17 13:00:58,011]{00004858}<NvcHost>          Creating directory listener to represent current folder state
#4(I)[2023-07-17 13:00:58,011]{00004858}<DirectoryListene> Adding directory C:\WINDOWS\System32\DriverStore\FileRepository\nvam.inf_amd64_8d754cd0d965c4b7\Display.NvContainer\plugins\Session.
#5(I)[2023-07-17 13:00:58,011]{00004858}<NvcHost>          Successfully updated directory change listener
#6(I)[2023-07-17 13:00:58,011]{00004858}<NvcHost>          Container is initializing
#7(I)[2023-07-17 13:00:58,011]{00004858}<NvcPluginManager> Initiate transition to Initializing state for NvFBCPlugin
#8(I)[2023-07-17 13:00:58,011]{00004858}<NvcPluginManager> Transition to Initialized state for NvFBCPlugin completed
#9(I)[2023-07-17 13:00:58,011]{00004858}<NvcPluginManager> Initiate transition to Initializing state for NvProfileUpdaterPlugin
#0(I)[2023-07-17 13:00:58,042]{00004858}<NvcPluginManager> Transition to Initialized state for NvProfileUpdaterPlugin completed
#1(I)[2023-07-17 13:00:58,042]{00004858}<NvcPluginManager> Initiate transition to Initializing state for NvXDSyncPlugin
#2(I)[2023-07-17 13:00:58,042]{00004858}<NvcPluginManager> Transition to Initialized state for NvXDSyncPlugin completed
#3(I)[2023-07-17 13:00:58,042]{00004858}<NvcPluginManager> Initiate transition to Initializing state for NvWksServicePlugin
#4(I)[2023-07-17 13:00:58,058]{00004858}<NvcPluginManager> Transition to Initialized state for NvWksServicePlugin completed
#5(I)[2023-07-17 13:00:58,058]{00004858}<NvcPluginManager> Initiate transition to Initializing state for GamesessionTelemetry_Plugin
#6(I)[2023-07-17 13:00:58,058]{00004858}<NvcPluginManager> Transition to Initialized state for GamesessionTelemetry_Plugin completed
#7(I)[2023-07-17 13:00:58,058]{00004858}<NvcPluginManager> Initiate transition to Initializing state for AutoFL_Plugin
#8(I)[2023-07-17 13:00:58,058]{00004858}<NvcPluginManager> Notification 3 / 0000000000000000 from AutoFL_Plugin
#9(I)[2023-07-17 13:00:58,058]{00004858}<NvcPluginManager> Notification: plugin AutoFL_Plugin is done
#0(I)[2023-07-17 13:00:58,058]{00004858}<NvcPluginManager> Transition to Initialized state for AutoFL_Plugin completed
#1(I)[2023-07-17 13:00:58,058]{00004858}<NvcPluginManager> Transition to Initialized state for AutoFL_Plugin completed
#2(I)[2023-07-17 13:00:58,058]{00004858}<NvcPluginManager> Initiate transition to Initializing state for NvTopps_Plugin
#3(I)[2023-07-17 13:00:59,037]{00004858}<NvcPluginManager> Transition to Initialized state for NvTopps_Plugin completed
#4(I)[2023-07-17 13:00:59,037]{00004858}<NvcHost>          Optional plugin AutoFL_Plugin is in state Initialized. Unload it
#5(I)[2023-07-17 13:00:59,037]{00004858}<NvcHost>          Container is going to unload plugin AutoFL_Plugin. State: normal
#6(I)[2023-07-17 13:00:59,037]{00004858}<NvcPluginManager> Initiate transition to Uninitializing state for AutoFL_Plugin
#7(I)[2023-07-17 13:00:59,037]{00004858}<NvcPluginManager> Transition to Uninitialized state for AutoFL_Plugin completed
#8(I)[2023-07-17 13:00:59,037]{00004858}<NvcHost>          Container has uninitialized plugin AutoFL_Plugin. State: normal
#9(I)[2023-07-17 13:00:59,037]{00004858}<NvcPluginManager> Unload plugin 'AutoFL_Plugin' - C:\WINDOWS\System32\DriverStore\FileRepository\nvam.inf_amd64_8d754cd0d965c4b7\Display.NvContainer\plugins\Session/_nvppo.dll
#0(I)[2023-07-17 13:00:59,037]{00004858}<NvcPluginManager> Unloaded plugin 'AutoFL_Plugin'
#1(I)[2023-07-17 13:00:59,037]{00004858}<NvcHost>          Container is initialized with 1. State: normal
#2(I)[2023-07-17 13:00:59,037]{00004858}<NvcHost>          Base host core
#3(I)[2023-07-17 13:00:59,037]{00004858}<NvcHost>          Container is starting
#4(I)[2023-07-17 13:00:59,037]{00004858}<NvcPluginManager> Initiate transition to Starting state for NvFBCPlugin
#5(I)[2023-07-17 13:00:59,037]{00004858}<NvcPluginManager> NvcPluginLoadStats for 'NvFBCPlugin' => LibraryLoadTime = 94229 us, ImageLoadTime = 0 us, AbsLibraryLoadTime = 94229, InitializeProcTime = 0 us, InitializeTimeTotal = 0 us, StartProcTime = 0 us, StartTimeTotal = 0 us. 
#6(I)[2023-07-17 13:00:59,037]{00004858}<NvcTelemetryHelp> NvcPluginLoadStats for NvFBCPlugin returned 1
#7(I)[2023-07-17 13:00:59,037]{00004858}<NvcPluginManager> Transition to Started state for NvFBCPlugin completed
#8(I)[2023-07-17 13:00:59,037]{00004858}<NvcPluginManager> Initiate transition to Starting state for NvProfileUpdaterPlugin
#9(I)[2023-07-17 13:00:59,037]{00004858}<NvcPluginManager> NvcPluginLoadStats for 'NvProfileUpdaterPlugin' => LibraryLoadTime = 31284 us, ImageLoadTime = 0 us, AbsLibraryLoadTime = 31284, InitializeProcTime = 31304 us, InitializeTimeTotal = 31304 us, StartProcTime = 0 us, StartTimeTotal = 0 us. 
#0(I)[2023-07-17 13:00:59,037]{00004858}<NvcTelemetryHelp> NvcPluginLoadStats for NvProfileUpdaterPlugin returned 1
#1(I)[2023-07-17 13:00:59,037]{00004858}<NvcPluginManager> Transition to Started state for NvProfileUpdaterPlugin completed
#2(I)[2023-07-17 13:00:59,037]{00004858}<NvcPluginManager> Initiate transition to Starting state for NvXDSyncPlugin
#3(I)[2023-07-17 13:00:59,037]{00004858}<NvcPluginManager> Transition to Starting state for NvXDSyncPlugin is in progress
#4(I)[2023-07-17 13:00:59,037]{00004858}<NvcPluginManager> Initiate transition to Starting state for NvWksServicePlugin
#5(I)[2023-07-17 13:00:59,037]{00004858}<NvcPluginManager> NvcPluginLoadStats for 'NvWksServicePlugin' => LibraryLoadTime = 15624 us, ImageLoadTime = 0 us, AbsLibraryLoadTime = 15624, InitializeProcTime = 15583 us, InitializeTimeTotal = 15583 us, StartProcTime = 0 us, StartTimeTotal = 0 us. 
#6(I)[2023-07-17 13:00:59,037]{00004858}<NvcTelemetryHelp> NvcPluginLoadStats for NvWksServicePlugin returned 1
#7(I)[2023-07-17 13:00:59,048]{00004858}<NvcPluginManager> Transition to Started state for NvWksServicePlugin completed
#8(I)[2023-07-17 13:00:59,048]{00004858}<NvcPluginManager> Initiate transition to Starting state for GamesessionTelemetry_Plugin
#9(I)[2023-07-17 13:00:59,048]{00004858}<NvcPluginManager> NvcPluginLoadStats for 'GamesessionTelemetry_Plugin' => LibraryLoadTime = 31251 us, ImageLoadTime = 0 us, AbsLibraryLoadTime = 31251, InitializeProcTime = 0 us, InitializeTimeTotal = 0 us, StartProcTime = 0 us, StartTimeTotal = 0 us. 
#0(I)[2023-07-17 13:00:59,048]{00004858}<NvcTelemetryHelp> NvcPluginLoadStats for GamesessionTelemetry_Plugin returned 1
#1(I)[2023-07-17 13:00:59,048]{00004858}<NvcPluginManager> Transition to Started state for GamesessionTelemetry_Plugin completed
#2(I)[2023-07-17 13:00:59,048]{00004858}<NvcPluginManager> Initiate transition to Starting state for NvTopps_Plugin
#3(I)[2023-07-17 13:00:59,142]{00004858}<NvcPluginManager> NvcPluginLoadStats for 'NvTopps_Plugin' => LibraryLoadTime = 125933 us, ImageLoadTime = 0 us, AbsLibraryLoadTime = 125933, InitializeProcTime = 978781 us, InitializeTimeTotal = 978781 us, StartProcTime = 94299 us, StartTimeTotal = 94299 us. 
#4(I)[2023-07-17 13:00:59,142]{00004858}<NvcTelemetryHelp> NvcPluginLoadStats for NvTopps_Plugin returned 1
#5(I)[2023-07-17 13:00:59,142]{00004858}<NvcPluginManager> Transition to Started state for NvTopps_Plugin completed
#6(I)[2023-07-17 13:00:59,142]{000072E4}<NvcPluginManager> Notification 1 / 0000000000000000 from NvXDSyncPlugin
#7(I)[2023-07-17 13:00:59,142]{000072E4}<NvcPluginManager> NvcPluginLoadStats for 'NvXDSyncPlugin' => LibraryLoadTime = 31774 us, ImageLoadTime = 12551 us, AbsLibraryLoadTime = 19223, InitializeProcTime = 0 us, InitializeTimeTotal = 0 us, StartProcTime = 0 us, StartTimeTotal = 0 us. 
#8(I)[2023-07-17 13:00:59,142]{000072E4}<NvcTelemetryHelp> NvcPluginLoadStats for NvXDSyncPlugin returned 1
#9(I)[2023-07-17 13:00:59,142]{000072E4}<NvcPluginManager> Transition to Started state for NvXDSyncPlugin completed
#0(I)[2023-07-17 13:00:59,142]{00004858}<NvcHost>          Container is started with 1. State: normal
#1(I)[2023-07-17 13:00:59,142]{00004858}<NvcTelemetryHelp> NvcLoadStats => LibraryLoadTime = 345717 us, InitializeTime = 1025668 us, StartTime = 105360 us, TotalLoadTime = 1644597 us
#2(I)[2023-07-17 13:00:59,142]{00004858}<NvcTelemetryHelp> NvcLoadStats returned 1
#3(I)[2023-07-17 13:01:55,768]{00004858}<NvcHost>          Base host: Power SUSPEND message
#4(I)[2023-07-17 13:01:55,768]{00004858}<NvcHost>          Container is suspending
#5(I)[2023-07-17 13:01:55,768]{00004858}<NvcPluginManager> Initiate transition to Suspending state for NvTopps_Plugin
#6(I)[2023-07-17 13:01:55,799]{00004858}<NvcPluginManager> Transition to Suspended state for NvTopps_Plugin completed
#7(I)[2023-07-17 13:01:55,799]{00004858}<NvcPluginManager> Initiate transition to Suspending state for GamesessionTelemetry_Plugin
#8(I)[2023-07-17 13:01:55,799]{00004858}<NvcPluginManager> Transition to Suspended state for GamesessionTelemetry_Plugin completed
#9(I)[2023-07-17 13:01:55,799]{00004858}<NvcPluginManager> Initiate transition to Suspending state for NvWksServicePlugin
#0(I)[2023-07-17 13:01:55,799]{00004858}<NvcPluginManager> Transition to Suspended state for NvWksServicePlugin completed
#1(I)[2023-07-17 13:01:55,799]{00004858}<NvcPluginManager> Initiate transition to Suspending state for NvXDSyncPlugin
#2(I)[2023-07-17 13:01:55,799]{00004858}<NvcPluginManager> Transition to Suspended state for NvXDSyncPlugin completed
#3(I)[2023-07-17 13:01:55,799]{00004858}<NvcPluginManager> Transition to Suspended state for NvProfileUpdaterPlugin completed
#4(I)[2023-07-17 13:01:55,799]{00004858}<NvcPluginManager> Initiate transition to Suspending state for NvFBCPlugin
#5(I)[2023-07-17 13:01:55,799]{00004858}<NvcPluginManager> Transition to Suspended state for NvFBCPlugin completed
#6(I)[2023-07-17 13:01:55,799]{00004858}<NvcHost>          Container is suspended. State: normal
#7(I)[2023-07-17 13:02:57,254]{00004858}<NvcHost>          Base host: Power RESUME message
#8(I)[2023-07-17 13:02:57,254]{00004858}<NvcHost>          Container is resuming
#9(I)[2023-07-17 13:02:57,254]{00004858}<NvcPluginManager> Initiate transition to Starting state for NvFBCPlugin
#0(I)[2023-07-17 13:02:57,285]{00004858}<NvcPluginManager> Transition to Started state for NvFBCPlugin completed
#1(I)[2023-07-17 13:02:57,285]{00004858}<NvcPluginManager> Transition to Started state for NvProfileUpdaterPlugin completed
#2(I)[2023-07-17 13:02:57,285]{00004858}<NvcPluginManager> Initiate transition to Starting state for NvXDSyncPlugin
#3(I)[2023-07-17 13:02:57,348]{00004858}<NvcPluginManager> Transition to Started state for NvXDSyncPlugin completed
#4(I)[2023-07-17 13:02:57,348]{00004858}<NvcPluginManager> Initiate transition to Starting state for NvWksServicePlugin
#5(I)[2023-07-17 13:02:57,364]{00004858}<NvcPluginManager> Transition to Started state for NvWksServicePlugin completed
#6(I)[2023-07-17 13:02:57,364]{00004858}<NvcPluginManager> Initiate transition to Starting state for GamesessionTelemetry_Plugin
#7(I)[2023-07-17 13:02:57,380]{00004858}<NvcPluginManager> NvcPluginResumeStats for 'GamesessionTelemetry_Plugin' => SuspendProcTime = 0 us, SuspendTimeTotal = 0 us, ResumeProcTime = 15628 us, ResumeTimeTotal = 15628 us 
#8(I)[2023-07-17 13:02:57,380]{00004858}<NvcTelemetryHelp> NvcPluginResumeStats for GamesessionTelemetry_Plugin returned 1
#9(I)[2023-07-17 13:02:57,380]{00004858}<NvcPluginManager> Transition to Started state for GamesessionTelemetry_Plugin completed
#0(I)[2023-07-17 13:02:57,380]{00004858}<NvcPluginManager> Initiate transition to Starting state for NvTopps_Plugin
#1(I)[2023-07-17 13:02:57,429]{00004858}<NvcPluginManager> NvcPluginResumeStats for 'NvTopps_Plugin' => SuspendProcTime = 31247 us, SuspendTimeTotal = 31247 us, ResumeProcTime = 17669 us, ResumeTimeTotal = 17669 us 
#2(I)[2023-07-17 13:02:57,429]{00004858}<NvcTelemetryHelp> NvcPluginResumeStats for NvTopps_Plugin returned 1
#3(I)[2023-07-17 13:02:57,429]{00004858}<NvcPluginManager> Transition to Started state for NvTopps_Plugin completed
#4(I)[2023-07-17 13:02:57,490]{00004858}<NvcHost>          Container is resumed with 1. State: normal
#5(I)[2023-07-17 19:39:17,011]{00004858}<NvcHost>          Base host: Power SUSPEND message
#6(I)[2023-07-17 19:39:17,011]{00004858}<NvcHost>          Container is suspending
#7(I)[2023-07-17 19:39:17,011]{00004858}<NvcPluginManager> Initiate transition to Suspending state for NvTopps_Plugin
#8(I)[2023-07-17 19:39:17,027]{00004858}<NvcPluginManager> Transition to Suspended state for NvTopps_Plugin completed
#9(I)[2023-07-17 19:39:17,027]{00004858}<NvcPluginManager> Initiate transition to Suspending state for GamesessionTelemetry_Plugin
#0(I)[2023-07-17 19:39:17,027]{00004858}<NvcPluginManager> Transition to Suspended state for GamesessionTelemetry_Plugin completed
#1(I)[2023-07-17 19:39:17,027]{00004858}<NvcPluginManager> Initiate transition to Suspending state for NvWksServicePlugin
#2(I)[2023-07-17 19:39:17,027]{00004858}<NvcPluginManager> Transition to Suspended state for NvWksServicePlugin completed
#3(I)[2023-07-17 19:39:17,027]{00004858}<NvcPluginManager> Initiate transition to Suspending state for NvXDSyncPlugin
#4(I)[2023-07-17 19:39:17,027]{00004858}<NvcPluginManager> Transition to Suspended state for NvXDSyncPlugin completed
#5(I)[2023-07-17 19:39:17,027]{00004858}<NvcPluginManager> Transition to Suspended state for NvProfileUpdaterPlugin completed
#6(I)[2023-07-17 19:39:17,027]{00004858}<NvcPluginManager> Initiate transition to Suspending state for NvFBCPlugin
#7(I)[2023-07-17 19:39:17,027]{00004858}<NvcPluginManager> Transition to Suspended state for NvFBCPlugin completed
#8(I)[2023-07-17 19:39:17,027]{00004858}<NvcHost>          Container is suspended. State: normal
#9(I)[2023-07-18 04:57:31,452]{00004858}<NvcHost>          Base host: Power RESUME message
#0(I)[2023-07-18 04:57:31,452]{00004858}<NvcHost>          Container is resuming
#1(I)[2023-07-18 04:57:31,452]{00004858}<NvcPluginManager> Initiate transition to Starting state for NvFBCPlugin
#2(I)[2023-07-18 04:57:31,454]{00004858}<NvcPluginManager> NvcPluginResumeStats for 'NvFBCPlugin' => SuspendProcTime = 0 us, SuspendTimeTotal = 0 us, ResumeProcTime = 1024 us, ResumeTimeTotal = 1024 us 
#3(I)[2023-07-18 04:57:31,454]{00004858}<NvcTelemetryHelp> NvcPluginResumeStats for NvFBCPlugin returned 1
#4(I)[2023-07-18 04:57:31,454]{00004858}<NvcPluginManager> Transition to Started state for NvFBCPlugin completed
#5(I)[2023-07-18 04:57:31,454]{00004858}<NvcPluginManager> Transition to Started state for NvProfileUpdaterPlugin completed
#6(I)[2023-07-18 04:57:31,454]{00004858}<NvcPluginManager> Initiate transition to Starting state for NvXDSyncPlugin
#7(I)[2023-07-18 04:57:31,554]{00004858}<NvcPluginManager> NvcPluginResumeStats for 'NvXDSyncPlugin' => SuspendProcTime = 0 us, SuspendTimeTotal = 0 us, ResumeProcTime = 2005 us, ResumeTimeTotal = 2005 us 
#8(I)[2023-07-18 04:57:31,554]{00004858}<NvcTelemetryHelp> NvcPluginResumeStats for NvXDSyncPlugin returned 1
#9(I)[2023-07-18 04:57:31,554]{00004858}<NvcPluginManager> Transition to Started state for NvXDSyncPlugin completed
#0(I)[2023-07-18 04:57:31,554]{00004858}<NvcPluginManager> Initiate transition to Starting state for NvWksServicePlugin
#1(I)[2023-07-18 04:57:31,559]{00004858}<NvcPluginManager> Transition to Started state for NvWksServicePlugin completed
#2(I)[2023-07-18 04:57:31,559]{00004858}<NvcPluginManager> Initiate transition to Starting state for GamesessionTelemetry_Plugin
#3(I)[2023-07-18 04:57:31,560]{00004858}<NvcPluginManager> NvcPluginResumeStats for 'GamesessionTelemetry_Plugin' => SuspendProcTime = 0 us, SuspendTimeTotal = 0 us, ResumeProcTime = 1058 us, ResumeTimeTotal = 1058 us 
#4(I)[2023-07-18 04:57:31,560]{00004858}<NvcTelemetryHelp> NvcPluginResumeStats for GamesessionTelemetry_Plugin returned 1
#5(I)[2023-07-18 04:57:31,561]{00004858}<NvcPluginManager> Transition to Started state for GamesessionTelemetry_Plugin completed
#6(I)[2023-07-18 04:57:31,561]{00004858}<NvcPluginManager> Initiate transition to Starting state for NvTopps_Plugin
#7(I)[2023-07-18 04:57:31,582]{00004858}<NvcPluginManager> NvcPluginResumeStats for 'NvTopps_Plugin' => SuspendProcTime = 15647 us, SuspendTimeTotal = 15647 us, ResumeProcTime = 20287 us, ResumeTimeTotal = 20287 us 
#8(I)[2023-07-18 04:57:31,582]{00004858}<NvcTelemetryHelp> NvcPluginResumeStats for NvTopps_Plugin returned 1
#9(I)[2023-07-18 04:57:31,582]{00004858}<NvcPluginManager> Transition to Started state for NvTopps_Plugin completed
#0(I)[2023-07-18 04:57:31,594]{00004858}<NvcHost>          Container is resumed with 1. State: normal
#1(I)[2023-07-18 04:58:52,501]{00004858}<NvcHost>          Base host: Power SUSPEND message
#2(I)[2023-07-18 04:58:52,501]{00004858}<NvcHost>          Container is suspending
#3(I)[2023-07-18 04:58:52,501]{00004858}<NvcPluginManager> Initiate transition to Suspending state for NvTopps_Plugin
#4(I)[2023-07-18 04:58:52,514]{00004858}<NvcPluginManager> Transition to Suspended state for NvTopps_Plugin completed
#5(I)[2023-07-18 04:58:52,514]{00004858}<NvcPluginManager> Initiate transition to Suspending state for GamesessionTelemetry_Plugin
#6(I)[2023-07-18 04:58:52,514]{00004858}<NvcPluginManager> Transition to Suspended state for GamesessionTelemetry_Plugin completed
#7(I)[2023-07-18 04:58:52,514]{00004858}<NvcPluginManager> Initiate transition to Suspending state for NvWksServicePlugin
#8(I)[2023-07-18 04:58:52,514]{00004858}<NvcPluginManager> Transition to Suspended state for NvWksServicePlugin completed
#9(I)[2023-07-18 04:58:52,514]{00004858}<NvcPluginManager> Initiate transition to Suspending state for NvXDSyncPlugin
#0(I)[2023-07-18 04:58:52,514]{00004858}<NvcPluginManager> Transition to Suspended state for NvXDSyncPlugin completed
#1(I)[2023-07-18 04:58:52,514]{00004858}<NvcPluginManager> Transition to Suspended state for NvProfileUpdaterPlugin completed
#2(I)[2023-07-18 04:58:52,514]{00004858}<NvcPluginManager> Initiate transition to Suspending state for NvFBCPlugin
#3(I)[2023-07-18 04:58:52,514]{00004858}<NvcPluginManager> Transition to Suspended state for NvFBCPlugin completed
#4(I)[2023-07-18 04:58:52,514]{00004858}<NvcHost>          Container is suspended. State: normal
#5(I)[2023-07-18 04:59:01,138]{00004858}<NvcHost>          Base host: Power RESUME message
#6(I)[2023-07-18 04:59:01,138]{00004858}<NvcHost>          Container is resuming
#7(I)[2023-07-18 04:59:01,138]{00004858}<NvcPluginManager> Initiate transition to Starting state for NvFBCPlugin
#8(I)[2023-07-18 04:59:01,138]{00004858}<NvcPluginManager> Transition to Started state for NvFBCPlugin completed
#9(I)[2023-07-18 04:59:01,154]{00004858}<NvcPluginManager> Transition to Started state for NvProfileUpdaterPlugin completed
#0(I)[2023-07-18 04:59:01,154]{00004858}<NvcPluginManager> Initiate transition to Starting state for NvXDSyncPlugin
#1(I)[2023-07-18 04:59:01,264]{00004858}<NvcPluginManager> NvcPluginResumeStats for 'NvXDSyncPlugin' => SuspendProcTime = 0 us, SuspendTimeTotal = 0 us, ResumeProcTime = 15648 us, ResumeTimeTotal = 15648 us 
#2(I)[2023-07-18 04:59:01,264]{00004858}<NvcTelemetryHelp> NvcPluginResumeStats for NvXDSyncPlugin returned 1
#3(I)[2023-07-18 04:59:01,264]{00004858}<NvcPluginManager> Transition to Started state for NvXDSyncPlugin completed
#4(I)[2023-07-18 04:59:01,264]{00004858}<NvcPluginManager> Initiate transition to Starting state for NvWksServicePlugin
#5(I)[2023-07-18 04:59:01,264]{00004858}<NvcPluginManager> Transition to Started state for NvWksServicePlugin completed
#6(I)[2023-07-18 04:59:01,264]{00004858}<NvcPluginManager> Initiate transition to Starting state for GamesessionTelemetry_Plugin
#7(I)[2023-07-18 04:59:01,264]{00004858}<NvcPluginManager> Transition to Started state for GamesessionTelemetry_Plugin completed
#8(I)[2023-07-18 04:59:01,264]{00004858}<NvcPluginManager> Initiate transition to Starting state for NvTopps_Plugin
#9(I)[2023-07-18 04:59:01,295]{00004858}<NvcPluginManager> NvcPluginResumeStats for 'NvTopps_Plugin' => SuspendProcTime = 13011 us, SuspendTimeTotal = 13011 us, ResumeProcTime = 31242 us, ResumeTimeTotal = 31242 us 
#0(I)[2023-07-18 04:59:01,295]{00004858}<NvcTelemetryHelp> NvcPluginResumeStats for NvTopps_Plugin returned 1
#1(I)[2023-07-18 04:59:01,295]{00004858}<NvcPluginManager> Transition to Started state for NvTopps_Plugin completed
#2(I)[2023-07-18 04:59:01,374]{00004858}<NvcHost>          Container is resumed with 1. State: normal
#3(I)[2023-07-18 04:59:30,381]{00004858}<NvcUserAppHost>   Received WM_ENDSESSION message: wparam=1, lparam=0x0
#4(I)[2023-07-18 04:59:30,381]{00004858}<NvcUserAppHost>   Exiting on WM_ENDSESSION message
#5(I)[2023-07-18 04:59:30,381]{00004858}<NvcHost>          Base host: NVC_MID_EXIT_REBOOT_INITIATED message
#6(I)[2023-07-18 04:59:30,381]{00004858}<NvcHost>          Stopping plugins with status 'Any'
#7(I)[2023-07-18 04:59:30,381]{00004858}<NvcPluginManager> Initiate transition to Stopping state for NvTopps_Plugin
