Started executable C:\Users\Aitor\Downloads\dbvis_windows-x64_14_0_3.exe at Mon Aug 07 11:46:34 2023

[0:0] restrict DLL directories
[0:2] init file name C:\Users\Aitor\Downloads\dbvis_windows-x64_14_0_3.exe C:\Users\Aitor\Downloads\dbvis_windows-x64_14_0_3.exe 53 0
[0:2] number of sections: 6
[0:2] size of optional headers: 240
[0:2] resSectionTableStart: 728
[0:3] rawDataSize: 3072, rawDataOffset: 534016
[0:3] sun.locale.formatasdefault is false
[0:4] language/country is es_ES
[0:4] ignoring java options environment variables
[0:4] using _putenv_s in ucrtbase.dll 00007FFFBA6F9480 00007FF67CA961F0
[0:5] change working directory to C:\Users\Aitor\Downloads
[0:5] single instance mode
[0:5] semaphore name Local\c:_users_aitor_downloads_dbvis_windows-x64_14_0_3.exe, code 0, value 000000000000004C
[0:5] Init done
[0:30] Starting work
[0:46] number of sections: 6
[0:46] size of optional headers: 240
[0:47] resSectionTableStart: 728
[0:47] rawDataSize: 3072, rawDataOffset: 534016
[0:47] starting at 537088
[0:47] verifying integrity length 144298661
[0:496] checksums: 2126438721 2126438721 2126438721 2126438721
[0:496] tempPath is C:\Users\Aitor\AppData\Local\Temp\
[0:496] tempFile is C:\Users\Aitor\AppData\Local\Temp\e4jEBA1.tmp
[0:496] Temp dir3: C:\Users\Aitor\AppData\Local\Temp\e4jEBA1.tmp_dir1691401594
[0:497] native lib dir is ${launcher:sys.launcherTempDirectory}\user
[0:497] expanding2 ${launcher:sys.launcherTempDirectory} to C:\Users\Aitor\AppData\Local\Temp\e4jEBA1.tmp_dir1691401594 in C:\Users\Aitor\AppData\Local\Temp\e4jEBA1.tmp_dir1691401594\user.
[0:497] Adding DLL directory C:\Users\Aitor\AppData\Local\Temp\e4jEBA1.tmp_dir1691401594\user
[0:497] Setting PATH (native libs) C:\Users\Aitor\AppData\Local\Temp\e4jEBA1.tmp_dir1691401594\user;C:\Program Files\Common Files\Oracle\Java\javapath;C:\Program Files (x86)\Common Files\Oracle\Java\javapath;C:\Program Files\AdoptOpenJDK\jre-11.0.11.9-hotspot\bin;C:\Windows\system32;C:\Windows;C:\Windows\System32\Wbem;C:\Windows\System32\WindowsPowerShell\v1.0\;C:\Windows\System32\OpenSSH\;C:\Program Files\PuTTY\;C:\Program Files\dotnet\;C:\Program Files (x86)\NVIDIA Corporation\PhysX\Common;C:\xampp\mysql\bin;C:\Program Files (x86)\dotnet\;C:\ProgramData\chocolatey\bin;C:\Program Files\Docker\Docker\resources\bin;C:\xampp\php;C:\ProgramData\ComposerSetup\bin;C:\Program Files\nodejs\;C:\Program Files\GTK3-Runtime Win64\bin;C:\Program Files\Git\cmd;C:\WINDOWS\system32;C:\WINDOWS;C:\WINDOWS\System32\Wbem;C:\WINDOWS\System32\WindowsPowerShell\v1.0\;C:\WINDOWS\System32\OpenSSH\;C:\Program Files\Microsoft SQL Server\120\Tools\Binn\;C:\Program Files\usbipd-win\;C:\temp\ffmpeg\bin;;C:\Program Files\gettext-iconv\bin;C:\Users\Aitor\AppData\Local\Microsoft\WindowsApps;C:\Users\Aitor\AppData\Local\Programs\Microsoft VS Code\bin;C:\Program Files\JetBrains\PyCharm Community Edition 2021.2.1\bin;C:\Users\Aitor\AppData\Local\Programs\Microsoft VS Code Insiders\bin;C:\Users\Aitor\AppData\Roaming\Composer\vendor\bin;C:\Users\Aitor\AppData\Roaming\npm;C:\Users\Aitor\AppData\Local\Microsoft\WindowsApps;C:\Program Files (x86)\Nmap;C:\Users\Aitor\AppData\Local\GitHubDesktop\bin;C:\Program Files\JetBrains\PyCharm 2021.3\bin
[0:498] extracting files
[0:498] Included files: 20
[0:498] extracting C:\Users\Aitor\AppData\Local\Temp\e4jEBA1.tmp_dir1691401594\i4jruntime.jar (size: 2581385)
[0:505] extracting C:\Users\Aitor\AppData\Local\Temp\e4jEBA1.tmp_dir1691401594\i4j_extf_10_1bd0g0g_itvrmw.png (size: 2991)
[0:506] extracting C:\Users\Aitor\AppData\Local\Temp\e4jEBA1.tmp_dir1691401594\i4jparams.conf (size: 255946)
[0:507] extracting C:\Users\Aitor\AppData\Local\Temp\e4jEBA1.tmp_dir1691401594\i4j_extf_8_1bd0g0g_un9apv.png (size: 1884)
[0:508] extracting C:\Users\Aitor\AppData\Local\Temp\e4jEBA1.tmp_dir1691401594\MessagesDefault (size: 34821)
[0:508] extracting C:\Users\Aitor\AppData\Local\Temp\e4jEBA1.tmp_dir1691401594\i4j_extf_3_1bd0g0g_q83561.ico (size: 109204)
[0:509] extracting C:\Users\Aitor\AppData\Local\Temp\e4jEBA1.tmp_dir1691401594\i4j_extf_7_1bd0g0g_vd2dea.png (size: 1187)
[0:509] extracting C:\Users\Aitor\AppData\Local\Temp\e4jEBA1.tmp_dir1691401594\i4j_extf_2_1bd0g0g.txt (size: 456)
[0:509] extracting C:\Users\Aitor\AppData\Local\Temp\e4jEBA1.tmp_dir1691401594\i4j_extf_9_1bd0g0g_10k6n0b@2x.png (size: 23882)
[0:510] extracting C:\Users\Aitor\AppData\Local\Temp\e4jEBA1.tmp_dir1691401594\stats.properties (size: 4092)
[0:510] extracting C:\Users\Aitor\AppData\Local\Temp\e4jEBA1.tmp_dir1691401594\i4j_extf_10_1bd0g0g_itvrmw@2x.png (size: 6483)
[0:511] extracting C:\Users\Aitor\AppData\Local\Temp\e4jEBA1.tmp_dir1691401594\i4j_extf_6_1bd0g0g_x7nby6.png (size: 756)
[0:511] extracting C:\Users\Aitor\AppData\Local\Temp\e4jEBA1.tmp_dir1691401594\i4j_extf_5_1bd0g0g_1z0bwin.icns (size: 615893)
[0:513] extracting C:\Users\Aitor\AppData\Local\Temp\e4jEBA1.tmp_dir1691401594\user.jar (size: 46849)
[0:514] extracting C:\Users\Aitor\AppData\Local\Temp\e4jEBA1.tmp_dir1691401594\installer.ico (size: 15749)
[0:514] extracting C:\Users\Aitor\AppData\Local\Temp\e4jEBA1.tmp_dir1691401594\i4j_extf_0_1bd0g0g.utf8 (size: 34821)
[0:515] extracting C:\Users\Aitor\AppData\Local\Temp\e4jEBA1.tmp_dir1691401594\i4j_extf_1_1bd0g0g.properties (size: 132)
[0:515] extracting C:\Users\Aitor\AppData\Local\Temp\e4jEBA1.tmp_dir1691401594\i4j_extf_9_1bd0g0g_10k6n0b.png (size: 8979)
[0:516] extracting C:\Users\Aitor\AppData\Local\Temp\e4jEBA1.tmp_dir1691401594\i4j_extf_4_1bd0g0g_q06588.ico (size: 121348)
[0:517] creating directory C:\Users\Aitor\AppData\Local\Temp\e4jEBA1.tmp_dir1691401594\user
[0:517] extracting C:\Users\Aitor\AppData\Local\Temp\e4jEBA1.tmp_dir1691401594\user\flatlaf.jar (size: 708777)
[0:519] extracting files done
[0:520] Current working dir: C:\Users\Aitor\AppData\Local\Temp\e4jEBA1.tmp_dir1691401594
[0:520] Full JRE path: C:\Users\Aitor\AppData\Local\Temp\e4jEBA1.tmp_dir1691401594\jre.tar.gz
[0:520] No JRE included
[0:521] LoadDLL (0, (null), 0)
[0:523] Searching for a JVM
[0:523] MinVersion: 17, MaxVersion: 17
[0:523] Testing location .\..\jre.bundle\Contents\Home (type B)
[0:523] checkJavaExe (c:\users\aitor\jre.bundle\contents\home\bin\java.exe, [out], 1, 1, 0)
[0:523] file doesn't exist
[0:523] checkJavaExe returning 0
[0:524] Testing location DBVIS_JAVA_HOME (type E)
[0:524] Testing location  (type Y)
[0:524] Sharing key: 
[0:525] Testing location JAVA_HOME (type E)
[0:525] checkJavaExe (C:\Program Files\Java\jre-1.8\bin\java.exe, [out], 1, 1, 0)
[0:526] file exists
[0:741] Exit Code 0
[0:742] Java version2: 1.8.0_371
[0:742] got version from execution 1.8.0_371
[0:743] checkJavaExe returning 0
[0:743] Testing location JDK_HOME (type E)
[0:744] Testing relative location .\..\jre.bundle\Contents\Home
[0:744] checkJavaExe (c:\users\aitor\jre.bundle\contents\home\bin\java.exe, [out], 1, 1, 1)
[0:744] file doesn't exist
[0:744] checkJavaExe returning 0
[0:744] checking app id allinstdirs8973-4025-0853-7287 (0, FFFFFFFF80000001)
[0:745] could not query value node 0
[0:745] checking app id allinstdirs8973-4025-0853-7287 (256, FFFFFFFF80000001)
[0:745] could not query value node 0
[0:745] checking app id allinstdirs8973-4025-0853-7287 (0, FFFFFFFF80000002)
[0:745] could not query value node 0
[0:746] checking app id allinstdirs8973-4025-0853-7287 (256, FFFFFFFF80000002)
[0:746] could not query value node 0
[0:746] Search sequence finished
[0:746] ERROR: No JVM found
[0:746] Download location: https://www.dbvis.com/jre/windows-amd64-17.tar.gz
[3:889] emptying C:\Users\Aitor\AppData\Local\Temp\e4jEBA1.tmp_dir1691401594
[3:889] attempting to delete C:\Users\Aitor\AppData\Local\Temp\e4jEBA1.tmp_dir1691401594\i4jparams.conf
[3:890] attempting to delete C:\Users\Aitor\AppData\Local\Temp\e4jEBA1.tmp_dir1691401594\i4jruntime.jar
[3:890] attempting to delete C:\Users\Aitor\AppData\Local\Temp\e4jEBA1.tmp_dir1691401594\i4j_extf_0_1bd0g0g.utf8
[3:891] attempting to delete C:\Users\Aitor\AppData\Local\Temp\e4jEBA1.tmp_dir1691401594\i4j_extf_10_1bd0g0g_itvrmw.png
[3:891] attempting to delete C:\Users\Aitor\AppData\Local\Temp\e4jEBA1.tmp_dir1691401594\i4j_extf_10_1bd0g0g_itvrmw@2x.png
[3:891] attempting to delete C:\Users\Aitor\AppData\Local\Temp\e4jEBA1.tmp_dir1691401594\i4j_extf_1_1bd0g0g.properties
[3:892] attempting to delete C:\Users\Aitor\AppData\Local\Temp\e4jEBA1.tmp_dir1691401594\i4j_extf_2_1bd0g0g.txt
[3:892] attempting to delete C:\Users\Aitor\AppData\Local\Temp\e4jEBA1.tmp_dir1691401594\i4j_extf_3_1bd0g0g_q83561.ico
[3:892] attempting to delete C:\Users\Aitor\AppData\Local\Temp\e4jEBA1.tmp_dir1691401594\i4j_extf_4_1bd0g0g_q06588.ico
[3:892] attempting to delete C:\Users\Aitor\AppData\Local\Temp\e4jEBA1.tmp_dir1691401594\i4j_extf_5_1bd0g0g_1z0bwin.icns
[3:893] attempting to delete C:\Users\Aitor\AppData\Local\Temp\e4jEBA1.tmp_dir1691401594\i4j_extf_6_1bd0g0g_x7nby6.png
[3:893] attempting to delete C:\Users\Aitor\AppData\Local\Temp\e4jEBA1.tmp_dir1691401594\i4j_extf_7_1bd0g0g_vd2dea.png
[3:894] attempting to delete C:\Users\Aitor\AppData\Local\Temp\e4jEBA1.tmp_dir1691401594\i4j_extf_8_1bd0g0g_un9apv.png
[3:894] attempting to delete C:\Users\Aitor\AppData\Local\Temp\e4jEBA1.tmp_dir1691401594\i4j_extf_9_1bd0g0g_10k6n0b.png
[3:894] attempting to delete C:\Users\Aitor\AppData\Local\Temp\e4jEBA1.tmp_dir1691401594\i4j_extf_9_1bd0g0g_10k6n0b@2x.png
[3:895] attempting to delete C:\Users\Aitor\AppData\Local\Temp\e4jEBA1.tmp_dir1691401594\installer.ico
[3:895] attempting to delete C:\Users\Aitor\AppData\Local\Temp\e4jEBA1.tmp_dir1691401594\MessagesDefault
[3:895] attempting to delete C:\Users\Aitor\AppData\Local\Temp\e4jEBA1.tmp_dir1691401594\stats.properties
[3:895] attempting to remove C:\Users\Aitor\AppData\Local\Temp\e4jEBA1.tmp_dir1691401594\user (1)
[3:896] emptying C:\Users\Aitor\AppData\Local\Temp\e4jEBA1.tmp_dir1691401594\user
[3:896] attempting to delete C:\Users\Aitor\AppData\Local\Temp\e4jEBA1.tmp_dir1691401594\user\flatlaf.jar
[3:896] attempting to delete C:\Users\Aitor\AppData\Local\Temp\e4jEBA1.tmp_dir1691401594\user.jar
